<?xml version="1.0" encoding="UTF-8"?>
<!-- Generated by org.testng.reporters.JUnitXMLReporter -->
<testsuite hostname="Andrews-MBP.local.tld" ignored="8" name="Command line test" tests="42" failures="3" timestamp="2023-03-06T16:28:01 CST" time="239.493" errors="0">
  <testcase name="selectDeliveryOption" time="0.196" classname="scripts.TechGlobalDropdownsTest"/>
  <testcase name="validateFrontendTestingCards" time="1.724" classname="scripts.TechGlobalFrontendTestingHomeTest"/>
  <testcase name="selectProductOption" time="0.129" classname="scripts.TechGlobalDropdownsTest"/>
  <testcase name="validateFrontendTestingURL" time="0.688" classname="scripts.TechGlobalFrontendTestingHomeTest"/>
  <testcase name="validateTechGlobalLogo" time="0.155" classname="scripts.TechGlobalLogoTest"/>
  <testcase name="validateSortAcsByQuantity" time="10.075" classname="scripts.TechGlobalSortableTablesTest">
    <failure type="org.openqa.selenium.NoSuchElementException" message="no such element: Unable to locate element: {&amp;quot;method&amp;quot;:&amp;quot;css selector&amp;quot;,&amp;quot;selector&amp;quot;:&amp;quot;#quantitiy_asc&amp;quot;}
  (Session info: chrome=110.0.5481.177)
For documentation on this error, please visit: https://www.seleniumhq.org/exceptions/no_such_element.html
Build info: version: &amp;apos;3.141.59&amp;apos;, revision: &amp;apos;e82be7d358&amp;apos;, time: &amp;apos;2018-11-14T08:17:03&amp;apos;
System info: host: &amp;apos;Andrews-MBP.local.tld&amp;apos;, ip: &amp;apos;fe80:0:0:0:10f3:8220:1202:7f5%en0&amp;apos;, os.name: &amp;apos;Mac OS X&amp;apos;, os.arch: &amp;apos;x86_64&amp;apos;, os.version: &amp;apos;13.2.1&amp;apos;, java.version: &amp;apos;1.8.0_341&amp;apos;
Driver info: org.openqa.selenium.chrome.ChromeDriver
Capabilities {acceptInsecureCerts: false, browserName: chrome, browserVersion: 110.0.5481.177, chrome: {chromedriverVersion: 110.0.5481.77 (65ed616c6e8e..., userDataDir: /var/folders/qv/t4vgk6w940q...}, goog:chromeOptions: {debuggerAddress: localhost:50835}, javascriptEnabled: true, networkConnectionEnabled: false, pageLoadStrategy: normal, platform: MAC, platformName: MAC, proxy: Proxy(), setWindowRect: true, strictFileInteractability: false, timeouts: {implicit: 0, pageLoad: 300000, script: 30000}, unhandledPromptBehavior: dismiss and notify, webauthn:extension:credBlob: true, webauthn:extension:largeBlob: true, webauthn:virtualAuthenticators: true}
Session ID: 6dfd5c24dfcb9d25831f373789929bed
*** Element info: {Using=id, value=quantitiy_asc}">
      <![CDATA[org.openqa.selenium.NoSuchElementException: no such element: Unable to locate element: {"method":"css selector","selector":"#quantitiy_asc"}
  (Session info: chrome=110.0.5481.177)
For documentation on this error, please visit: https://www.seleniumhq.org/exceptions/no_such_element.html
Build info: version: '3.141.59', revision: 'e82be7d358', time: '2018-11-14T08:17:03'
System info: host: 'Andrews-MBP.local.tld', ip: 'fe80:0:0:0:10f3:8220:1202:7f5%en0', os.name: 'Mac OS X', os.arch: 'x86_64', os.version: '13.2.1', java.version: '1.8.0_341'
Driver info: org.openqa.selenium.chrome.ChromeDriver
Capabilities {acceptInsecureCerts: false, browserName: chrome, browserVersion: 110.0.5481.177, chrome: {chromedriverVersion: 110.0.5481.77 (65ed616c6e8e..., userDataDir: /var/folders/qv/t4vgk6w940q...}, goog:chromeOptions: {debuggerAddress: localhost:50835}, javascriptEnabled: true, networkConnectionEnabled: false, pageLoadStrategy: normal, platform: MAC, platformName: MAC, proxy: Proxy(), setWindowRect: true, strictFileInteractability: false, timeouts: {implicit: 0, pageLoad: 300000, script: 30000}, unhandledPromptBehavior: dismiss and notify, webauthn:extension:credBlob: true, webauthn:extension:largeBlob: true, webauthn:virtualAuthenticators: true}
Session ID: 6dfd5c24dfcb9d25831f373789929bed
*** Element info: {Using=id, value=quantitiy_asc}
at org.openqa.selenium.remote.http.W3CHttpResponseCodec.createException(W3CHttpResponseCodec.java:187)
at org.openqa.selenium.remote.http.W3CHttpResponseCodec.decode(W3CHttpResponseCodec.java:122)
at org.openqa.selenium.remote.http.W3CHttpResponseCodec.decode(W3CHttpResponseCodec.java:49)
at org.openqa.selenium.remote.HttpCommandExecutor.execute(HttpCommandExecutor.java:158)
at org.openqa.selenium.remote.service.DriverCommandExecutor.execute(DriverCommandExecutor.java:83)
at org.openqa.selenium.remote.RemoteWebDriver.execute(RemoteWebDriver.java:552)
at org.openqa.selenium.remote.RemoteWebDriver.findElement(RemoteWebDriver.java:323)
at org.openqa.selenium.remote.RemoteWebDriver.findElementById(RemoteWebDriver.java:372)
at org.openqa.selenium.By$ById.findElement(By.java:188)
at org.openqa.selenium.remote.RemoteWebDriver.findElement(RemoteWebDriver.java:315)
at org.openqa.selenium.support.pagefactory.DefaultElementLocator.findElement(DefaultElementLocator.java:69)
at org.openqa.selenium.support.pagefactory.internal.LocatingElementHandler.invoke(LocatingElementHandler.java:38)
at com.sun.proxy.$Proxy7.click(Unknown Source)
at scripts.TechGlobalSortableTablesTest.validateSortAcsByQuantity(TechGlobalSortableTablesTest.java:42)
at java.util.ArrayList.forEach(ArrayList.java:1259)
... Removed 41 stack frames]]>
    </failure>
  </testcase> <!-- validateSortAcsByQuantity -->
  <testcase name="validateSortDescByQuantity" time="10.063" classname="scripts.TechGlobalSortableTablesTest">
    <failure type="org.openqa.selenium.NoSuchElementException" message="no such element: Unable to locate element: {&amp;quot;method&amp;quot;:&amp;quot;css selector&amp;quot;,&amp;quot;selector&amp;quot;:&amp;quot;#quantitiy_desc&amp;quot;}
  (Session info: chrome=110.0.5481.177)
For documentation on this error, please visit: https://www.seleniumhq.org/exceptions/no_such_element.html
Build info: version: &amp;apos;3.141.59&amp;apos;, revision: &amp;apos;e82be7d358&amp;apos;, time: &amp;apos;2018-11-14T08:17:03&amp;apos;
System info: host: &amp;apos;Andrews-MBP.local.tld&amp;apos;, ip: &amp;apos;fe80:0:0:0:10f3:8220:1202:7f5%en0&amp;apos;, os.name: &amp;apos;Mac OS X&amp;apos;, os.arch: &amp;apos;x86_64&amp;apos;, os.version: &amp;apos;13.2.1&amp;apos;, java.version: &amp;apos;1.8.0_341&amp;apos;
Driver info: org.openqa.selenium.chrome.ChromeDriver
Capabilities {acceptInsecureCerts: false, browserName: chrome, browserVersion: 110.0.5481.177, chrome: {chromedriverVersion: 110.0.5481.77 (65ed616c6e8e..., userDataDir: /var/folders/qv/t4vgk6w940q...}, goog:chromeOptions: {debuggerAddress: localhost:50856}, javascriptEnabled: true, networkConnectionEnabled: false, pageLoadStrategy: normal, platform: MAC, platformName: MAC, proxy: Proxy(), setWindowRect: true, strictFileInteractability: false, timeouts: {implicit: 0, pageLoad: 300000, script: 30000}, unhandledPromptBehavior: dismiss and notify, webauthn:extension:credBlob: true, webauthn:extension:largeBlob: true, webauthn:virtualAuthenticators: true}
Session ID: 25c6335fd9b50bcd7baec457054c35e5
*** Element info: {Using=id, value=quantitiy_desc}">
      <![CDATA[org.openqa.selenium.NoSuchElementException: no such element: Unable to locate element: {"method":"css selector","selector":"#quantitiy_desc"}
  (Session info: chrome=110.0.5481.177)
For documentation on this error, please visit: https://www.seleniumhq.org/exceptions/no_such_element.html
Build info: version: '3.141.59', revision: 'e82be7d358', time: '2018-11-14T08:17:03'
System info: host: 'Andrews-MBP.local.tld', ip: 'fe80:0:0:0:10f3:8220:1202:7f5%en0', os.name: 'Mac OS X', os.arch: 'x86_64', os.version: '13.2.1', java.version: '1.8.0_341'
Driver info: org.openqa.selenium.chrome.ChromeDriver
Capabilities {acceptInsecureCerts: false, browserName: chrome, browserVersion: 110.0.5481.177, chrome: {chromedriverVersion: 110.0.5481.77 (65ed616c6e8e..., userDataDir: /var/folders/qv/t4vgk6w940q...}, goog:chromeOptions: {debuggerAddress: localhost:50856}, javascriptEnabled: true, networkConnectionEnabled: false, pageLoadStrategy: normal, platform: MAC, platformName: MAC, proxy: Proxy(), setWindowRect: true, strictFileInteractability: false, timeouts: {implicit: 0, pageLoad: 300000, script: 30000}, unhandledPromptBehavior: dismiss and notify, webauthn:extension:credBlob: true, webauthn:extension:largeBlob: true, webauthn:virtualAuthenticators: true}
Session ID: 25c6335fd9b50bcd7baec457054c35e5
*** Element info: {Using=id, value=quantitiy_desc}
at org.openqa.selenium.remote.http.W3CHttpResponseCodec.createException(W3CHttpResponseCodec.java:187)
at org.openqa.selenium.remote.http.W3CHttpResponseCodec.decode(W3CHttpResponseCodec.java:122)
at org.openqa.selenium.remote.http.W3CHttpResponseCodec.decode(W3CHttpResponseCodec.java:49)
at org.openqa.selenium.remote.HttpCommandExecutor.execute(HttpCommandExecutor.java:158)
at org.openqa.selenium.remote.service.DriverCommandExecutor.execute(DriverCommandExecutor.java:83)
at org.openqa.selenium.remote.RemoteWebDriver.execute(RemoteWebDriver.java:552)
at org.openqa.selenium.remote.RemoteWebDriver.findElement(RemoteWebDriver.java:323)
at org.openqa.selenium.remote.RemoteWebDriver.findElementById(RemoteWebDriver.java:372)
at org.openqa.selenium.By$ById.findElement(By.java:188)
at org.openqa.selenium.remote.RemoteWebDriver.findElement(RemoteWebDriver.java:315)
at org.openqa.selenium.support.pagefactory.DefaultElementLocator.findElement(DefaultElementLocator.java:69)
at org.openqa.selenium.support.pagefactory.internal.LocatingElementHandler.invoke(LocatingElementHandler.java:38)
at com.sun.proxy.$Proxy7.click(Unknown Source)
at scripts.TechGlobalSortableTablesTest.validateSortDescByQuantity(TechGlobalSortableTablesTest.java:60)
at java.util.ArrayList.forEach(ArrayList.java:1259)
... Removed 41 stack frames]]>
    </failure>
  </testcase> <!-- validateSortDescByQuantity -->
  <testcase name="selectColorOption" time="0.119" classname="scripts.TechGlobalDropdownsTest"/>
  <testcase name="validateSortAscByPrice" time="0.11" classname="scripts.TechGlobalSortableTablesTest"/>
  <testcase name="selectMacBookOption" time="0.886" classname="scripts.TechGlobalDropdownsTest"/>
  <testcase name="dynamicElementsTest" time="0.887" classname="scripts.TechGlobalDynamicElementsTest"/>
  <testcase name="popupValidation" time="0.09" classname="scripts.TechGlobalDynamicTablesTest"/>
  <testcase name="validateDynamicTable" time="0.76" classname="scripts.TechGlobalDynamicTablesTest"/>
  <testcase name="validateJavaExercisesCards" time="1.94" classname="scripts.TechGlobalJavaExercisesHomeTest"/>
  <testcase name="warningAlertValidation" time="0.223" classname="scripts.TechGlobalAlertsTest"/>
  <testcase name="confirmationAlertValidation" time="0.238" classname="scripts.TechGlobalAlertsTest"/>
  <testcase name="promptAlertValidation" time="0.414" classname="scripts.TechGlobalAlertsTest"/>
  <testcase name="javaRadioButtonValidation" time="1.003" classname="scripts.TechGlobalRadioButtonsTest"/>
  <testcase name="languageRadioButtons1" time="0.987" classname="scripts.TechGlobalRadioButtonsTest"/>
  <testcase name="languageRadioButtons2" time="1.318" classname="scripts.TechGlobalRadioButtonsTest"/>
  <testcase name="validateCorrectTextDisplayFooter" time="0.174" classname="scripts.TechGlobalFooterTest"/>
  <testcase name="validateSocialLinksFooter" time="0.145" classname="scripts.TechGlobalFooterTest"/>
  <testcase name="validateFileUpload" time="0.13" classname="scripts.TechGlobalFileUploadTest"/>
  <testcase name="validateFileDownload" time="0.049" classname="scripts.TechGlobalFileDownloadTest"/>
  <testcase name="validateDatePicker" time="0.616" classname="scripts.TechGlobalCalendarTest"/>
  <testcase name="validateSortDescByPrice" time="0.119" classname="scripts.TechGlobalSortableTablesTest"/>
  <testcase name="validateStaticTablesHeader" time="0.082" classname="scripts.TechGlobalStaticTablesTest"/>
  <testcase name="validateStaticTablesRow1" time="0.054" classname="scripts.TechGlobalStaticTablesTest"/>
  <testcase name="validateStaticTableColumn4" time="0.112" classname="scripts.TechGlobalStaticTablesTest"/>
  <testcase name="validateAllCells" time="0.299" classname="scripts.TechGlobalStaticTablesTest"/>
  <testcase name="validateTechGlobalHeaderDropdownOptions" time="0.413" classname="scripts.TechGlobalHeaderTest">
    <failure type="java.lang.ArrayIndexOutOfBoundsException" message="3">
      <![CDATA[java.lang.ArrayIndexOutOfBoundsException: 3
at scripts.TechGlobalHeaderTest.validateTechGlobalHeaderDropdownOptions(TechGlobalHeaderTest.java:24)
at java.util.ArrayList.forEach(ArrayList.java:1259)
... Removed 37 stack frames]]>
    </failure>
  </testcase> <!-- validateTechGlobalHeaderDropdownOptions -->
  <testcase name="validateTechGlobalHeaderDropdown" time="0.175" classname="scripts.TechGlobalHeaderTest"/>
  <testcase name="validateInputText" time="0.237" classname="scripts.TechGlobalIFramesTest"/>
  <testcase name="validateResultDisplay" time="0.441" classname="scripts.TechGlobalIFramesTest"/>
  <testcase name="clickActions" time="0.656" classname="scripts.TechGlobalActionsTest"/>
  <testcase name="validateDragAndDropAction" time="1.586" classname="scripts.TechGlobalActionsTest"/>
  <testcase name="keyboardActions" time="0.409" classname="scripts.TechGlobalActionsTest"/>
  <testcase name="validateKeyboardInput" time="0.536" classname="scripts.TechGlobalActionsTest"/>
  <testcase name="validateCheckboxes1" time="1.722" classname="scripts.TechGlobalCheckBoxTest"/>
  <testcase name="validateCheckboxes2" time="1.074" classname="scripts.TechGlobalCheckBoxTest"/>
  <testcase name="validateTheAppleLink" time="1.939" classname="scripts.TechGlobalMultipleWindowsTest"/>
  <testcase name="validateLinkURLs" time="5.154" classname="scripts.TechGlobalMultipleWindowsTest"/>
  <testcase name="method1" time="0.0" classname="testng_knowledge._09_Parallel_Test">
    <ignored/>
  </testcase> <!-- method1 -->
  <testcase name="method1" time="0.0" classname="testng_knowledge._08_Parallel_Test">
    <ignored/>
  </testcase> <!-- method1 -->
  <testcase name="method3" time="0.0" classname="testng_knowledge._08_Parallel_Test">
    <ignored/>
  </testcase> <!-- method3 -->
  <testcase name="validateBlueBox" time="0.0" classname="scripts.TechGlobalWaitsTest">
    <ignored/>
  </testcase> <!-- validateBlueBox -->
  <testcase name="method2" time="0.0" classname="testng_knowledge._09_Parallel_Test">
    <ignored/>
  </testcase> <!-- method2 -->
  <testcase name="method2" time="0.0" classname="testng_knowledge._08_Parallel_Test">
    <ignored/>
  </testcase> <!-- method2 -->
  <testcase name="validateRedBox" time="0.0" classname="scripts.TechGlobalWaitsTest">
    <ignored/>
  </testcase> <!-- validateRedBox -->
  <testcase name="method3" time="0.0" classname="testng_knowledge._09_Parallel_Test">
    <ignored/>
  </testcase> <!-- method3 -->
</testsuite> <!-- Command line test -->
