<html>
<head>
<title>TestNG:  Command line test</title>
<link href="../testng.css" rel="stylesheet" type="text/css" />
<link href="../my-testng.css" rel="stylesheet" type="text/css" />

<style type="text/css">
.log { display: none;} 
.stack-trace { display: none;} 
</style>
<script type="text/javascript">
<!--
function flip(e) {
  current = e.style.display;
  if (current == 'block') {
    e.style.display = 'none';
    return 0;
  }
  else {
    e.style.display = 'block';
    return 1;
  }
}

function toggleBox(szDivId, elem, msg1, msg2)
{
  var res = -1;  if (document.getElementById) {
    res = flip(document.getElementById(szDivId));
  }
  else if (document.all) {
    // this is the way old msie versions work
    res = flip(document.all[szDivId]);
  }
  if(elem) {
    if(res == 0) elem.innerHTML = msg1; else elem.innerHTML = msg2;
  }

}

function toggleAllBoxes() {
  if (document.getElementsByTagName) {
    d = document.getElementsByTagName('div');
    for (i = 0; i < d.length; i++) {
      if (d[i].className == 'log') {
        flip(d[i]);
      }
    }
  }
}

// -->
</script>

</head>
<body>
<h2 align='center'>Command line test</h2><table border='1' align="center">
<tr>
<td>Tests passed/Failed/Skipped:</td><td>39/3/0</td>
</tr><tr>
<td>Started on:</td><td>Mon Mar 06 16:24:02 CST 2023</td>
</tr>
<tr><td>Total time:</td><td>239 seconds (239493 ms)</td>
</tr><tr>
<td>Included groups:</td><td></td>
</tr><tr>
<td>Excluded groups:</td><td></td>
</tr>
</table><p/>
<small><i>(Hover the method name to see the test class name)</i></small><p/>
<table width='100%' border='1' class='invocation-failed'>
<tr><td colspan='4' align='center'><b>FAILED TESTS</b></td></tr>
<tr><td><b>Test method</b></td>
<td width="30%"><b>Exception</b></td>
<td width="10%"><b>Time (seconds)</b></td>
<td><b>Instance</b></td>
</tr>
<tr>
<td title='scripts.TechGlobalSortableTablesTest.validateSortAcsByQuantity()'><b>validateSortAcsByQuantity</b><br>Test class: scripts.TechGlobalSortableTablesTest<br>Test method: Sort table by acs and validate it is sorted bt quantity</td>
<td><div><pre>org.openqa.selenium.NoSuchElementException: no such element: Unable to locate element: {&quot;method&quot;:&quot;css selector&quot;,&quot;selector&quot;:&quot;#quantitiy_asc&quot;}
  (Session info: chrome=110.0.5481.177)
For documentation on this error, please visit: https://www.seleniumhq.org/exceptions/no_such_element.html
Build info: version: &apos;3.141.59&apos;, revision: &apos;e82be7d358&apos;, time: &apos;2018-11-14T08:17:03&apos;
System info: host: &apos;Andrews-MBP.local.tld&apos;, ip: &apos;fe80:0:0:0:10f3:8220:1202:7f5%en0&apos;, os.name: &apos;Mac OS X&apos;, os.arch: &apos;x86_64&apos;, os.version: &apos;13.2.1&apos;, java.version: &apos;1.8.0_341&apos;
Driver info: org.openqa.selenium.chrome.ChromeDriver
Capabilities {acceptInsecureCerts: false, browserName: chrome, browserVersion: 110.0.5481.177, chrome: {chromedriverVersion: 110.0.5481.77 (65ed616c6e8e..., userDataDir: /var/folders/qv/t4vgk6w940q...}, goog:chromeOptions: {debuggerAddress: localhost:50835}, javascriptEnabled: true, networkConnectionEnabled: false, pageLoadStrategy: normal, platform: MAC, platformName: MAC, proxy: Proxy(), setWindowRect: true, strictFileInteractability: false, timeouts: {implicit: 0, pageLoad: 300000, script: 30000}, unhandledPromptBehavior: dismiss and notify, webauthn:extension:credBlob: true, webauthn:extension:largeBlob: true, webauthn:virtualAuthenticators: true}
Session ID: 6dfd5c24dfcb9d25831f373789929bed
*** Element info: {Using=id, value=quantitiy_asc}
	at org.openqa.selenium.remote.http.W3CHttpResponseCodec.createException(W3CHttpResponseCodec.java:187)
	at org.openqa.selenium.remote.http.W3CHttpResponseCodec.decode(W3CHttpResponseCodec.java:122)
	at org.openqa.selenium.remote.http.W3CHttpResponseCodec.decode(W3CHttpResponseCodec.java:49)
	at org.openqa.selenium.remote.HttpCommandExecutor.execute(HttpCommandExecutor.java:158)
	at org.openqa.selenium.remote.service.DriverCommandExecutor.execute(DriverCommandExecutor.java:83)
	at org.openqa.selenium.remote.RemoteWebDriver.execute(RemoteWebDriver.java:552)
	at org.openqa.selenium.remote.RemoteWebDriver.findElement(RemoteWebDriver.java:323)
	at org.openqa.selenium.remote.RemoteWebDriver.findElementById(RemoteWebDriver.java:372)
	at org.openqa.selenium.By$ById.findElement(By.java:188)
	at org.openqa.selenium.remote.RemoteWebDriver.findElement(RemoteWebDriver.java:315)
	at org.openqa.selenium.support.pagefactory.DefaultElementLocator.findElement(DefaultElementLocator.java:69)
	at org.openqa.selenium.support.pagefactory.internal.LocatingElementHandler.invoke(LocatingElementHandler.java:38)
	at com.sun.proxy.$Proxy7.click(Unknown Source)
	at scripts.TechGlobalSortableTablesTest.validateSortAcsByQuantity(TechGlobalSortableTablesTest.java:42)
	at java.util.ArrayList.forEach(ArrayList.java:1259)
... Removed 41 stack frames</pre></div><a href='#' onClick='toggleBox("stack-trace2016482777", this, "Click to show all stack frames", "Click to hide stack frames")'>Click to show all stack frames</a>
<div class='stack-trace' id='stack-trace2016482777'><pre>org.openqa.selenium.NoSuchElementException: no such element: Unable to locate element: {&quot;method&quot;:&quot;css selector&quot;,&quot;selector&quot;:&quot;#quantitiy_asc&quot;}
  (Session info: chrome=110.0.5481.177)
For documentation on this error, please visit: https://www.seleniumhq.org/exceptions/no_such_element.html
Build info: version: &apos;3.141.59&apos;, revision: &apos;e82be7d358&apos;, time: &apos;2018-11-14T08:17:03&apos;
System info: host: &apos;Andrews-MBP.local.tld&apos;, ip: &apos;fe80:0:0:0:10f3:8220:1202:7f5%en0&apos;, os.name: &apos;Mac OS X&apos;, os.arch: &apos;x86_64&apos;, os.version: &apos;13.2.1&apos;, java.version: &apos;1.8.0_341&apos;
Driver info: org.openqa.selenium.chrome.ChromeDriver
Capabilities {acceptInsecureCerts: false, browserName: chrome, browserVersion: 110.0.5481.177, chrome: {chromedriverVersion: 110.0.5481.77 (65ed616c6e8e..., userDataDir: /var/folders/qv/t4vgk6w940q...}, goog:chromeOptions: {debuggerAddress: localhost:50835}, javascriptEnabled: true, networkConnectionEnabled: false, pageLoadStrategy: normal, platform: MAC, platformName: MAC, proxy: Proxy(), setWindowRect: true, strictFileInteractability: false, timeouts: {implicit: 0, pageLoad: 300000, script: 30000}, unhandledPromptBehavior: dismiss and notify, webauthn:extension:credBlob: true, webauthn:extension:largeBlob: true, webauthn:virtualAuthenticators: true}
Session ID: 6dfd5c24dfcb9d25831f373789929bed
*** Element info: {Using=id, value=quantitiy_asc}
	at sun.reflect.NativeConstructorAccessorImpl.newInstance0(Native Method)
	at sun.reflect.NativeConstructorAccessorImpl.newInstance(NativeConstructorAccessorImpl.java:62)
	at sun.reflect.DelegatingConstructorAccessorImpl.newInstance(DelegatingConstructorAccessorImpl.java:45)
	at java.lang.reflect.Constructor.newInstance(Constructor.java:423)
	at org.openqa.selenium.remote.http.W3CHttpResponseCodec.createException(W3CHttpResponseCodec.java:187)
	at org.openqa.selenium.remote.http.W3CHttpResponseCodec.decode(W3CHttpResponseCodec.java:122)
	at org.openqa.selenium.remote.http.W3CHttpResponseCodec.decode(W3CHttpResponseCodec.java:49)
	at org.openqa.selenium.remote.HttpCommandExecutor.execute(HttpCommandExecutor.java:158)
	at org.openqa.selenium.remote.service.DriverCommandExecutor.execute(DriverCommandExecutor.java:83)
	at org.openqa.selenium.remote.RemoteWebDriver.execute(RemoteWebDriver.java:552)
	at org.openqa.selenium.remote.RemoteWebDriver.findElement(RemoteWebDriver.java:323)
	at org.openqa.selenium.remote.RemoteWebDriver.findElementById(RemoteWebDriver.java:372)
	at org.openqa.selenium.By$ById.findElement(By.java:188)
	at org.openqa.selenium.remote.RemoteWebDriver.findElement(RemoteWebDriver.java:315)
	at org.openqa.selenium.support.pagefactory.DefaultElementLocator.findElement(DefaultElementLocator.java:69)
	at org.openqa.selenium.support.pagefactory.internal.LocatingElementHandler.invoke(LocatingElementHandler.java:38)
	at com.sun.proxy.$Proxy7.click(Unknown Source)
	at scripts.TechGlobalSortableTablesTest.validateSortAcsByQuantity(TechGlobalSortableTablesTest.java:42)
	at sun.reflect.NativeMethodAccessorImpl.invoke0(Native Method)
	at sun.reflect.NativeMethodAccessorImpl.invoke(NativeMethodAccessorImpl.java:62)
	at sun.reflect.DelegatingMethodAccessorImpl.invoke(DelegatingMethodAccessorImpl.java:43)
	at java.lang.reflect.Method.invoke(Method.java:498)
	at org.testng.internal.MethodInvocationHelper.invokeMethod(MethodInvocationHelper.java:134)
	at org.testng.internal.TestInvoker.invokeMethod(TestInvoker.java:597)
	at org.testng.internal.TestInvoker.invokeTestMethod(TestInvoker.java:173)
	at org.testng.internal.MethodRunner.runInSequence(MethodRunner.java:46)
	at org.testng.internal.TestInvoker$MethodInvocationAgent.invoke(TestInvoker.java:816)
	at org.testng.internal.TestInvoker.invokeTestMethods(TestInvoker.java:146)
	at org.testng.internal.TestMethodWorker.invokeTestMethods(TestMethodWorker.java:146)
	at org.testng.internal.TestMethodWorker.run(TestMethodWorker.java:128)
	at java.util.ArrayList.forEach(ArrayList.java:1259)
	at org.testng.TestRunner.privateRun(TestRunner.java:766)
	at org.testng.TestRunner.run(TestRunner.java:587)
	at org.testng.SuiteRunner.runTest(SuiteRunner.java:384)
	at org.testng.SuiteRunner.runSequentially(SuiteRunner.java:378)
	at org.testng.SuiteRunner.privateRun(SuiteRunner.java:337)
	at org.testng.SuiteRunner.run(SuiteRunner.java:286)
	at org.testng.SuiteRunnerWorker.runSuite(SuiteRunnerWorker.java:53)
	at org.testng.SuiteRunnerWorker.run(SuiteRunnerWorker.java:96)
	at org.testng.TestNG.runSuitesSequentially(TestNG.java:1187)
	at org.testng.TestNG.runSuitesLocally(TestNG.java:1109)
	at org.testng.TestNG.runSuites(TestNG.java:1039)
	at org.testng.TestNG.run(TestNG.java:1007)
	at org.apache.maven.surefire.testng.TestNGExecutor.run(TestNGExecutor.java:77)
	at org.apache.maven.surefire.testng.TestNGDirectoryTestSuite.executeMulti(TestNGDirectoryTestSuite.java:159)
	at org.apache.maven.surefire.testng.TestNGDirectoryTestSuite.execute(TestNGDirectoryTestSuite.java:99)
	at org.apache.maven.surefire.testng.TestNGProvider.invoke(TestNGProvider.java:106)
	at sun.reflect.NativeMethodAccessorImpl.invoke0(Native Method)
	at sun.reflect.NativeMethodAccessorImpl.invoke(NativeMethodAccessorImpl.java:62)
	at sun.reflect.DelegatingMethodAccessorImpl.invoke(DelegatingMethodAccessorImpl.java:43)
	at java.lang.reflect.Method.invoke(Method.java:498)
	at org.apache.maven.surefire.util.ReflectionUtils.invokeMethodWithArray(ReflectionUtils.java:189)
	at org.apache.maven.surefire.booter.ProviderFactory$ProviderProxy.invoke(ProviderFactory.java:165)
	at org.apache.maven.surefire.booter.ProviderFactory.invokeProvider(ProviderFactory.java:85)
	at org.apache.maven.surefire.booter.ForkedBooter.runSuitesInProcess(ForkedBooter.java:115)
	at org.apache.maven.surefire.booter.ForkedBooter.main(ForkedBooter.java:75)
</pre></div></td>
<td>10</td>
<td>scripts.TechGlobalSortableTablesTest@4fe3c938</td></tr>
<tr>
<td title='scripts.TechGlobalSortableTablesTest.validateSortDescByQuantity()'><b>validateSortDescByQuantity</b><br>Test class: scripts.TechGlobalSortableTablesTest<br>Test method: Sort table by desc and validate it is sorted bt quantity</td>
<td><div><pre>org.openqa.selenium.NoSuchElementException: no such element: Unable to locate element: {&quot;method&quot;:&quot;css selector&quot;,&quot;selector&quot;:&quot;#quantitiy_desc&quot;}
  (Session info: chrome=110.0.5481.177)
For documentation on this error, please visit: https://www.seleniumhq.org/exceptions/no_such_element.html
Build info: version: &apos;3.141.59&apos;, revision: &apos;e82be7d358&apos;, time: &apos;2018-11-14T08:17:03&apos;
System info: host: &apos;Andrews-MBP.local.tld&apos;, ip: &apos;fe80:0:0:0:10f3:8220:1202:7f5%en0&apos;, os.name: &apos;Mac OS X&apos;, os.arch: &apos;x86_64&apos;, os.version: &apos;13.2.1&apos;, java.version: &apos;1.8.0_341&apos;
Driver info: org.openqa.selenium.chrome.ChromeDriver
Capabilities {acceptInsecureCerts: false, browserName: chrome, browserVersion: 110.0.5481.177, chrome: {chromedriverVersion: 110.0.5481.77 (65ed616c6e8e..., userDataDir: /var/folders/qv/t4vgk6w940q...}, goog:chromeOptions: {debuggerAddress: localhost:50856}, javascriptEnabled: true, networkConnectionEnabled: false, pageLoadStrategy: normal, platform: MAC, platformName: MAC, proxy: Proxy(), setWindowRect: true, strictFileInteractability: false, timeouts: {implicit: 0, pageLoad: 300000, script: 30000}, unhandledPromptBehavior: dismiss and notify, webauthn:extension:credBlob: true, webauthn:extension:largeBlob: true, webauthn:virtualAuthenticators: true}
Session ID: 25c6335fd9b50bcd7baec457054c35e5
*** Element info: {Using=id, value=quantitiy_desc}
	at org.openqa.selenium.remote.http.W3CHttpResponseCodec.createException(W3CHttpResponseCodec.java:187)
	at org.openqa.selenium.remote.http.W3CHttpResponseCodec.decode(W3CHttpResponseCodec.java:122)
	at org.openqa.selenium.remote.http.W3CHttpResponseCodec.decode(W3CHttpResponseCodec.java:49)
	at org.openqa.selenium.remote.HttpCommandExecutor.execute(HttpCommandExecutor.java:158)
	at org.openqa.selenium.remote.service.DriverCommandExecutor.execute(DriverCommandExecutor.java:83)
	at org.openqa.selenium.remote.RemoteWebDriver.execute(RemoteWebDriver.java:552)
	at org.openqa.selenium.remote.RemoteWebDriver.findElement(RemoteWebDriver.java:323)
	at org.openqa.selenium.remote.RemoteWebDriver.findElementById(RemoteWebDriver.java:372)
	at org.openqa.selenium.By$ById.findElement(By.java:188)
	at org.openqa.selenium.remote.RemoteWebDriver.findElement(RemoteWebDriver.java:315)
	at org.openqa.selenium.support.pagefactory.DefaultElementLocator.findElement(DefaultElementLocator.java:69)
	at org.openqa.selenium.support.pagefactory.internal.LocatingElementHandler.invoke(LocatingElementHandler.java:38)
	at com.sun.proxy.$Proxy7.click(Unknown Source)
	at scripts.TechGlobalSortableTablesTest.validateSortDescByQuantity(TechGlobalSortableTablesTest.java:60)
	at java.util.ArrayList.forEach(ArrayList.java:1259)
... Removed 41 stack frames</pre></div><a href='#' onClick='toggleBox("stack-trace1611966906", this, "Click to show all stack frames", "Click to hide stack frames")'>Click to show all stack frames</a>
<div class='stack-trace' id='stack-trace1611966906'><pre>org.openqa.selenium.NoSuchElementException: no such element: Unable to locate element: {&quot;method&quot;:&quot;css selector&quot;,&quot;selector&quot;:&quot;#quantitiy_desc&quot;}
  (Session info: chrome=110.0.5481.177)
For documentation on this error, please visit: https://www.seleniumhq.org/exceptions/no_such_element.html
Build info: version: &apos;3.141.59&apos;, revision: &apos;e82be7d358&apos;, time: &apos;2018-11-14T08:17:03&apos;
System info: host: &apos;Andrews-MBP.local.tld&apos;, ip: &apos;fe80:0:0:0:10f3:8220:1202:7f5%en0&apos;, os.name: &apos;Mac OS X&apos;, os.arch: &apos;x86_64&apos;, os.version: &apos;13.2.1&apos;, java.version: &apos;1.8.0_341&apos;
Driver info: org.openqa.selenium.chrome.ChromeDriver
Capabilities {acceptInsecureCerts: false, browserName: chrome, browserVersion: 110.0.5481.177, chrome: {chromedriverVersion: 110.0.5481.77 (65ed616c6e8e..., userDataDir: /var/folders/qv/t4vgk6w940q...}, goog:chromeOptions: {debuggerAddress: localhost:50856}, javascriptEnabled: true, networkConnectionEnabled: false, pageLoadStrategy: normal, platform: MAC, platformName: MAC, proxy: Proxy(), setWindowRect: true, strictFileInteractability: false, timeouts: {implicit: 0, pageLoad: 300000, script: 30000}, unhandledPromptBehavior: dismiss and notify, webauthn:extension:credBlob: true, webauthn:extension:largeBlob: true, webauthn:virtualAuthenticators: true}
Session ID: 25c6335fd9b50bcd7baec457054c35e5
*** Element info: {Using=id, value=quantitiy_desc}
	at sun.reflect.NativeConstructorAccessorImpl.newInstance0(Native Method)
	at sun.reflect.NativeConstructorAccessorImpl.newInstance(NativeConstructorAccessorImpl.java:62)
	at sun.reflect.DelegatingConstructorAccessorImpl.newInstance(DelegatingConstructorAccessorImpl.java:45)
	at java.lang.reflect.Constructor.newInstance(Constructor.java:423)
	at org.openqa.selenium.remote.http.W3CHttpResponseCodec.createException(W3CHttpResponseCodec.java:187)
	at org.openqa.selenium.remote.http.W3CHttpResponseCodec.decode(W3CHttpResponseCodec.java:122)
	at org.openqa.selenium.remote.http.W3CHttpResponseCodec.decode(W3CHttpResponseCodec.java:49)
	at org.openqa.selenium.remote.HttpCommandExecutor.execute(HttpCommandExecutor.java:158)
	at org.openqa.selenium.remote.service.DriverCommandExecutor.execute(DriverCommandExecutor.java:83)
	at org.openqa.selenium.remote.RemoteWebDriver.execute(RemoteWebDriver.java:552)
	at org.openqa.selenium.remote.RemoteWebDriver.findElement(RemoteWebDriver.java:323)
	at org.openqa.selenium.remote.RemoteWebDriver.findElementById(RemoteWebDriver.java:372)
	at org.openqa.selenium.By$ById.findElement(By.java:188)
	at org.openqa.selenium.remote.RemoteWebDriver.findElement(RemoteWebDriver.java:315)
	at org.openqa.selenium.support.pagefactory.DefaultElementLocator.findElement(DefaultElementLocator.java:69)
	at org.openqa.selenium.support.pagefactory.internal.LocatingElementHandler.invoke(LocatingElementHandler.java:38)
	at com.sun.proxy.$Proxy7.click(Unknown Source)
	at scripts.TechGlobalSortableTablesTest.validateSortDescByQuantity(TechGlobalSortableTablesTest.java:60)
	at sun.reflect.NativeMethodAccessorImpl.invoke0(Native Method)
	at sun.reflect.NativeMethodAccessorImpl.invoke(NativeMethodAccessorImpl.java:62)
	at sun.reflect.DelegatingMethodAccessorImpl.invoke(DelegatingMethodAccessorImpl.java:43)
	at java.lang.reflect.Method.invoke(Method.java:498)
	at org.testng.internal.MethodInvocationHelper.invokeMethod(MethodInvocationHelper.java:134)
	at org.testng.internal.TestInvoker.invokeMethod(TestInvoker.java:597)
	at org.testng.internal.TestInvoker.invokeTestMethod(TestInvoker.java:173)
	at org.testng.internal.MethodRunner.runInSequence(MethodRunner.java:46)
	at org.testng.internal.TestInvoker$MethodInvocationAgent.invoke(TestInvoker.java:816)
	at org.testng.internal.TestInvoker.invokeTestMethods(TestInvoker.java:146)
	at org.testng.internal.TestMethodWorker.invokeTestMethods(TestMethodWorker.java:146)
	at org.testng.internal.TestMethodWorker.run(TestMethodWorker.java:128)
	at java.util.ArrayList.forEach(ArrayList.java:1259)
	at org.testng.TestRunner.privateRun(TestRunner.java:766)
	at org.testng.TestRunner.run(TestRunner.java:587)
	at org.testng.SuiteRunner.runTest(SuiteRunner.java:384)
	at org.testng.SuiteRunner.runSequentially(SuiteRunner.java:378)
	at org.testng.SuiteRunner.privateRun(SuiteRunner.java:337)
	at org.testng.SuiteRunner.run(SuiteRunner.java:286)
	at org.testng.SuiteRunnerWorker.runSuite(SuiteRunnerWorker.java:53)
	at org.testng.SuiteRunnerWorker.run(SuiteRunnerWorker.java:96)
	at org.testng.TestNG.runSuitesSequentially(TestNG.java:1187)
	at org.testng.TestNG.runSuitesLocally(TestNG.java:1109)
	at org.testng.TestNG.runSuites(TestNG.java:1039)
	at org.testng.TestNG.run(TestNG.java:1007)
	at org.apache.maven.surefire.testng.TestNGExecutor.run(TestNGExecutor.java:77)
	at org.apache.maven.surefire.testng.TestNGDirectoryTestSuite.executeMulti(TestNGDirectoryTestSuite.java:159)
	at org.apache.maven.surefire.testng.TestNGDirectoryTestSuite.execute(TestNGDirectoryTestSuite.java:99)
	at org.apache.maven.surefire.testng.TestNGProvider.invoke(TestNGProvider.java:106)
	at sun.reflect.NativeMethodAccessorImpl.invoke0(Native Method)
	at sun.reflect.NativeMethodAccessorImpl.invoke(NativeMethodAccessorImpl.java:62)
	at sun.reflect.DelegatingMethodAccessorImpl.invoke(DelegatingMethodAccessorImpl.java:43)
	at java.lang.reflect.Method.invoke(Method.java:498)
	at org.apache.maven.surefire.util.ReflectionUtils.invokeMethodWithArray(ReflectionUtils.java:189)
	at org.apache.maven.surefire.booter.ProviderFactory$ProviderProxy.invoke(ProviderFactory.java:165)
	at org.apache.maven.surefire.booter.ProviderFactory.invokeProvider(ProviderFactory.java:85)
	at org.apache.maven.surefire.booter.ForkedBooter.runSuitesInProcess(ForkedBooter.java:115)
	at org.apache.maven.surefire.booter.ForkedBooter.main(ForkedBooter.java:75)
</pre></div></td>
<td>10</td>
<td>scripts.TechGlobalSortableTablesTest@4fe3c938</td></tr>
<tr>
<td title='scripts.TechGlobalHeaderTest.validateTechGlobalHeaderDropdownOptions()'><b>validateTechGlobalHeaderDropdownOptions</b><br>Test class: scripts.TechGlobalHeaderTest</td>
<td><div><pre>java.lang.ArrayIndexOutOfBoundsException: 3
	at scripts.TechGlobalHeaderTest.validateTechGlobalHeaderDropdownOptions(TechGlobalHeaderTest.java:24)
	at java.util.ArrayList.forEach(ArrayList.java:1259)
... Removed 37 stack frames</pre></div><a href='#' onClick='toggleBox("stack-trace2143645025", this, "Click to show all stack frames", "Click to hide stack frames")'>Click to show all stack frames</a>
<div class='stack-trace' id='stack-trace2143645025'><pre>java.lang.ArrayIndexOutOfBoundsException: 3
	at scripts.TechGlobalHeaderTest.validateTechGlobalHeaderDropdownOptions(TechGlobalHeaderTest.java:24)
	at sun.reflect.NativeMethodAccessorImpl.invoke0(Native Method)
	at sun.reflect.NativeMethodAccessorImpl.invoke(NativeMethodAccessorImpl.java:62)
	at sun.reflect.DelegatingMethodAccessorImpl.invoke(DelegatingMethodAccessorImpl.java:43)
	at java.lang.reflect.Method.invoke(Method.java:498)
	at org.testng.internal.MethodInvocationHelper.invokeMethod(MethodInvocationHelper.java:134)
	at org.testng.internal.TestInvoker.invokeMethod(TestInvoker.java:597)
	at org.testng.internal.TestInvoker.invokeTestMethod(TestInvoker.java:173)
	at org.testng.internal.MethodRunner.runInSequence(MethodRunner.java:46)
	at org.testng.internal.TestInvoker$MethodInvocationAgent.invoke(TestInvoker.java:816)
	at org.testng.internal.TestInvoker.invokeTestMethods(TestInvoker.java:146)
	at org.testng.internal.TestMethodWorker.invokeTestMethods(TestMethodWorker.java:146)
	at org.testng.internal.TestMethodWorker.run(TestMethodWorker.java:128)
	at java.util.ArrayList.forEach(ArrayList.java:1259)
	at org.testng.TestRunner.privateRun(TestRunner.java:766)
	at org.testng.TestRunner.run(TestRunner.java:587)
	at org.testng.SuiteRunner.runTest(SuiteRunner.java:384)
	at org.testng.SuiteRunner.runSequentially(SuiteRunner.java:378)
	at org.testng.SuiteRunner.privateRun(SuiteRunner.java:337)
	at org.testng.SuiteRunner.run(SuiteRunner.java:286)
	at org.testng.SuiteRunnerWorker.runSuite(SuiteRunnerWorker.java:53)
	at org.testng.SuiteRunnerWorker.run(SuiteRunnerWorker.java:96)
	at org.testng.TestNG.runSuitesSequentially(TestNG.java:1187)
	at org.testng.TestNG.runSuitesLocally(TestNG.java:1109)
	at org.testng.TestNG.runSuites(TestNG.java:1039)
	at org.testng.TestNG.run(TestNG.java:1007)
	at org.apache.maven.surefire.testng.TestNGExecutor.run(TestNGExecutor.java:77)
	at org.apache.maven.surefire.testng.TestNGDirectoryTestSuite.executeMulti(TestNGDirectoryTestSuite.java:159)
	at org.apache.maven.surefire.testng.TestNGDirectoryTestSuite.execute(TestNGDirectoryTestSuite.java:99)
	at org.apache.maven.surefire.testng.TestNGProvider.invoke(TestNGProvider.java:106)
	at sun.reflect.NativeMethodAccessorImpl.invoke0(Native Method)
	at sun.reflect.NativeMethodAccessorImpl.invoke(NativeMethodAccessorImpl.java:62)
	at sun.reflect.DelegatingMethodAccessorImpl.invoke(DelegatingMethodAccessorImpl.java:43)
	at java.lang.reflect.Method.invoke(Method.java:498)
	at org.apache.maven.surefire.util.ReflectionUtils.invokeMethodWithArray(ReflectionUtils.java:189)
	at org.apache.maven.surefire.booter.ProviderFactory$ProviderProxy.invoke(ProviderFactory.java:165)
	at org.apache.maven.surefire.booter.ProviderFactory.invokeProvider(ProviderFactory.java:85)
	at org.apache.maven.surefire.booter.ForkedBooter.runSuitesInProcess(ForkedBooter.java:115)
	at org.apache.maven.surefire.booter.ForkedBooter.main(ForkedBooter.java:75)
</pre></div></td>
<td>0</td>
<td>scripts.TechGlobalHeaderTest@2ac273d3</td></tr>
</table><p>
<table width='100%' border='1' class='invocation-passed'>
<tr><td colspan='4' align='center'><b>PASSED TESTS</b></td></tr>
<tr><td><b>Test method</b></td>
<td width="30%"><b>Exception</b></td>
<td width="10%"><b>Time (seconds)</b></td>
<td><b>Instance</b></td>
</tr>
<tr>
<td title='scripts.TechGlobalActionsTest.clickActions()'><b>clickActions</b><br>Test class: scripts.TechGlobalActionsTest<br>Test method: Click first 3 boxes and validate the result</td>
<td></td>
<td>0</td>
<td>scripts.TechGlobalActionsTest@20398b7c</td></tr>
<tr>
<td title='scripts.TechGlobalAlertsTest.confirmationAlertValidation()'><b>confirmationAlertValidation</b><br>Test class: scripts.TechGlobalAlertsTest<br>Test method: Validate Confirmation alert</td>
<td></td>
<td>0</td>
<td>scripts.TechGlobalAlertsTest@6d7b4f4c</td></tr>
<tr>
<td title='scripts.TechGlobalDynamicElementsTest.dynamicElementsTest()'><b>dynamicElementsTest</b><br>Test class: scripts.TechGlobalDynamicElementsTest<br>Test method: Testing Dynamic Web Elements</td>
<td></td>
<td>0</td>
<td>scripts.TechGlobalDynamicElementsTest@5abca1e0</td></tr>
<tr>
<td title='scripts.TechGlobalRadioButtonsTest.javaRadioButtonValidation()'><b>javaRadioButtonValidation</b><br>Test class: scripts.TechGlobalRadioButtonsTest</td>
<td></td>
<td>1</td>
<td>scripts.TechGlobalRadioButtonsTest@527740a2</td></tr>
<tr>
<td title='scripts.TechGlobalActionsTest.keyboardActions()'><b>keyboardActions</b><br>Test class: scripts.TechGlobalActionsTest<br>Test method: Keyboard actions</td>
<td></td>
<td>0</td>
<td>scripts.TechGlobalActionsTest@20398b7c</td></tr>
<tr>
<td title='scripts.TechGlobalRadioButtonsTest.languageRadioButtons1()'><b>languageRadioButtons1</b><br>Test class: scripts.TechGlobalRadioButtonsTest<br>Test method: Validate Tech Global Language Radio Buttons (1)</td>
<td></td>
<td>0</td>
<td>scripts.TechGlobalRadioButtonsTest@527740a2</td></tr>
<tr>
<td title='scripts.TechGlobalRadioButtonsTest.languageRadioButtons2()'><b>languageRadioButtons2</b><br>Test class: scripts.TechGlobalRadioButtonsTest<br>Test method: Validate Tech Global Language Radio Buttons (2)</td>
<td></td>
<td>1</td>
<td>scripts.TechGlobalRadioButtonsTest@527740a2</td></tr>
<tr>
<td title='scripts.TechGlobalDynamicTablesTest.popupValidation()'><b>popupValidation</b><br>Test class: scripts.TechGlobalDynamicTablesTest<br>Test method: pop up validation</td>
<td></td>
<td>0</td>
<td>scripts.TechGlobalDynamicTablesTest@2286778</td></tr>
<tr>
<td title='scripts.TechGlobalAlertsTest.promptAlertValidation()'><b>promptAlertValidation</b><br>Test class: scripts.TechGlobalAlertsTest<br>Test method: Validate Prompt alert</td>
<td></td>
<td>0</td>
<td>scripts.TechGlobalAlertsTest@6d7b4f4c</td></tr>
<tr>
<td title='scripts.TechGlobalDropdownsTest.selectColorOption()'><b>selectColorOption</b><br>Test class: scripts.TechGlobalDropdownsTest<br>Test method: Select Yellow option</td>
<td></td>
<td>0</td>
<td>scripts.TechGlobalDropdownsTest@3632be31</td></tr>
<tr>
<td title='scripts.TechGlobalDropdownsTest.selectDeliveryOption()'><b>selectDeliveryOption</b><br>Test class: scripts.TechGlobalDropdownsTest<br>Test method: Select Delivery option</td>
<td></td>
<td>0</td>
<td>scripts.TechGlobalDropdownsTest@3632be31</td></tr>
<tr>
<td title='scripts.TechGlobalDropdownsTest.selectMacBookOption()'><b>selectMacBookOption</b><br>Test class: scripts.TechGlobalDropdownsTest<br>Test method: Select MecBook Pro 13 option</td>
<td></td>
<td>0</td>
<td>scripts.TechGlobalDropdownsTest@3632be31</td></tr>
<tr>
<td title='scripts.TechGlobalDropdownsTest.selectProductOption()'><b>selectProductOption</b><br>Test class: scripts.TechGlobalDropdownsTest<br>Test method: Select iPhone 14 Pro Max option</td>
<td></td>
<td>0</td>
<td>scripts.TechGlobalDropdownsTest@3632be31</td></tr>
<tr>
<td title='scripts.TechGlobalStaticTablesTest.validateAllCells()'><b>validateAllCells</b><br>Test class: scripts.TechGlobalStaticTablesTest<br>Test method: Validate all cells</td>
<td></td>
<td>0</td>
<td>scripts.TechGlobalStaticTablesTest@5383967b</td></tr>
<tr>
<td title='scripts.TechGlobalCheckBoxTest.validateCheckboxes1()'><b>validateCheckboxes1</b><br>Test class: scripts.TechGlobalCheckBoxTest<br>Test method: Validate Checkboxes first group</td>
<td></td>
<td>1</td>
<td>scripts.TechGlobalCheckBoxTest@6fc6f14e</td></tr>
<tr>
<td title='scripts.TechGlobalCheckBoxTest.validateCheckboxes2()'><b>validateCheckboxes2</b><br>Test class: scripts.TechGlobalCheckBoxTest<br>Test method: Validate Checkboxes second group</td>
<td></td>
<td>1</td>
<td>scripts.TechGlobalCheckBoxTest@6fc6f14e</td></tr>
<tr>
<td title='scripts.TechGlobalFooterTest.validateCorrectTextDisplayFooter()'><b>validateCorrectTextDisplayFooter</b><br>Test class: scripts.TechGlobalFooterTest</td>
<td></td>
<td>0</td>
<td>scripts.TechGlobalFooterTest@13a5fe33</td></tr>
<tr>
<td title='scripts.TechGlobalCalendarTest.validateDatePicker()'><b>validateDatePicker</b><br>Test class: scripts.TechGlobalCalendarTest<br>Test method: Validate Date Picker</td>
<td></td>
<td>0</td>
<td>scripts.TechGlobalCalendarTest@5f9d02cb</td></tr>
<tr>
<td title='scripts.TechGlobalActionsTest.validateDragAndDropAction()'><b>validateDragAndDropAction</b><br>Test class: scripts.TechGlobalActionsTest<br>Test method: Drag and drop actions</td>
<td></td>
<td>1</td>
<td>scripts.TechGlobalActionsTest@20398b7c</td></tr>
<tr>
<td title='scripts.TechGlobalDynamicTablesTest.validateDynamicTable()'><b>validateDynamicTable</b><br>Test class: scripts.TechGlobalDynamicTablesTest<br>Test method: Validate Dynamic Table</td>
<td></td>
<td>0</td>
<td>scripts.TechGlobalDynamicTablesTest@2286778</td></tr>
<tr>
<td title='scripts.TechGlobalFileDownloadTest.validateFileDownload()'><b>validateFileDownload</b><br>Test class: scripts.TechGlobalFileDownloadTest<br>Test method: Validate file download</td>
<td></td>
<td>0</td>
<td>scripts.TechGlobalFileDownloadTest@370736d9</td></tr>
<tr>
<td title='scripts.TechGlobalFileUploadTest.validateFileUpload()'><b>validateFileUpload</b><br>Test class: scripts.TechGlobalFileUploadTest<br>Test method: Validate file upload</td>
<td></td>
<td>0</td>
<td>scripts.TechGlobalFileUploadTest@3108bc</td></tr>
<tr>
<td title='scripts.TechGlobalFrontendTestingHomeTest.validateFrontendTestingCards()'><b>validateFrontendTestingCards</b><br>Test class: scripts.TechGlobalFrontendTestingHomeTest<br>Test method: Validate Frontend Testing Cards</td>
<td></td>
<td>1</td>
<td>scripts.TechGlobalFrontendTestingHomeTest@78c03f1f</td></tr>
<tr>
<td title='scripts.TechGlobalFrontendTestingHomeTest.validateFrontendTestingURL()'><b>validateFrontendTestingURL</b><br>Test class: scripts.TechGlobalFrontendTestingHomeTest<br>Test method: Validate URL</td>
<td></td>
<td>0</td>
<td>scripts.TechGlobalFrontendTestingHomeTest@78c03f1f</td></tr>
<tr>
<td title='scripts.TechGlobalIFramesTest.validateInputText()'><b>validateInputText</b><br>Test class: scripts.TechGlobalIFramesTest<br>Test method: Validating input header text</td>
<td></td>
<td>0</td>
<td>scripts.TechGlobalIFramesTest@71423665</td></tr>
<tr>
<td title='scripts.TechGlobalJavaExercisesHomeTest.validateJavaExercisesCards()'><b>validateJavaExercisesCards</b><br>Test class: scripts.TechGlobalJavaExercisesHomeTest</td>
<td></td>
<td>1</td>
<td>scripts.TechGlobalJavaExercisesHomeTest@4e9ba398</td></tr>
<tr>
<td title='scripts.TechGlobalActionsTest.validateKeyboardInput()'><b>validateKeyboardInput</b><br>Test class: scripts.TechGlobalActionsTest<br>Test method: Copy and paste actions</td>
<td></td>
<td>0</td>
<td>scripts.TechGlobalActionsTest@20398b7c</td></tr>
<tr>
<td title='scripts.TechGlobalMultipleWindowsTest.validateLinkURLs()'><b>validateLinkURLs</b><br>Test class: scripts.TechGlobalMultipleWindowsTest<br>Test method: Validate link URLs</td>
<td></td>
<td>5</td>
<td>scripts.TechGlobalMultipleWindowsTest@56235b8e</td></tr>
<tr>
<td title='scripts.TechGlobalIFramesTest.validateResultDisplay()'><b>validateResultDisplay</b><br>Test class: scripts.TechGlobalIFramesTest<br>Test method: Validating result display</td>
<td></td>
<td>0</td>
<td>scripts.TechGlobalIFramesTest@71423665</td></tr>
<tr>
<td title='scripts.TechGlobalFooterTest.validateSocialLinksFooter()'><b>validateSocialLinksFooter</b><br>Test class: scripts.TechGlobalFooterTest</td>
<td></td>
<td>0</td>
<td>scripts.TechGlobalFooterTest@13a5fe33</td></tr>
<tr>
<td title='scripts.TechGlobalSortableTablesTest.validateSortAscByPrice()'><b>validateSortAscByPrice</b><br>Test class: scripts.TechGlobalSortableTablesTest<br>Test method: Sort table by asc and validate it is sorted bt price</td>
<td></td>
<td>0</td>
<td>scripts.TechGlobalSortableTablesTest@4fe3c938</td></tr>
<tr>
<td title='scripts.TechGlobalSortableTablesTest.validateSortDescByPrice()'><b>validateSortDescByPrice</b><br>Test class: scripts.TechGlobalSortableTablesTest<br>Test method: Sort table by desc and validate it is sorted bt price</td>
<td></td>
<td>0</td>
<td>scripts.TechGlobalSortableTablesTest@4fe3c938</td></tr>
<tr>
<td title='scripts.TechGlobalStaticTablesTest.validateStaticTableColumn4()'><b>validateStaticTableColumn4</b><br>Test class: scripts.TechGlobalStaticTablesTest<br>Test method: Validate Column 4 text</td>
<td></td>
<td>0</td>
<td>scripts.TechGlobalStaticTablesTest@5383967b</td></tr>
<tr>
<td title='scripts.TechGlobalStaticTablesTest.validateStaticTablesHeader()'><b>validateStaticTablesHeader</b><br>Test class: scripts.TechGlobalStaticTablesTest<br>Test method: Validate Header Table text</td>
<td></td>
<td>0</td>
<td>scripts.TechGlobalStaticTablesTest@5383967b</td></tr>
<tr>
<td title='scripts.TechGlobalStaticTablesTest.validateStaticTablesRow1()'><b>validateStaticTablesRow1</b><br>Test class: scripts.TechGlobalStaticTablesTest<br>Test method: Validate Row 1 text</td>
<td></td>
<td>0</td>
<td>scripts.TechGlobalStaticTablesTest@5383967b</td></tr>
<tr>
<td title='scripts.TechGlobalHeaderTest.validateTechGlobalHeaderDropdown()'><b>validateTechGlobalHeaderDropdown</b><br>Test class: scripts.TechGlobalHeaderTest</td>
<td></td>
<td>0</td>
<td>scripts.TechGlobalHeaderTest@2ac273d3</td></tr>
<tr>
<td title='scripts.TechGlobalLogoTest.validateTechGlobalLogo()'><b>validateTechGlobalLogo</b><br>Test class: scripts.TechGlobalLogoTest</td>
<td></td>
<td>0</td>
<td>scripts.TechGlobalLogoTest@5ec0a365</td></tr>
<tr>
<td title='scripts.TechGlobalMultipleWindowsTest.validateTheAppleLink()'><b>validateTheAppleLink</b><br>Test class: scripts.TechGlobalMultipleWindowsTest<br>Test method: Validate the Apple link</td>
<td></td>
<td>1</td>
<td>scripts.TechGlobalMultipleWindowsTest@56235b8e</td></tr>
<tr>
<td title='scripts.TechGlobalAlertsTest.warningAlertValidation()'><b>warningAlertValidation</b><br>Test class: scripts.TechGlobalAlertsTest<br>Test method: Validate Warning alert</td>
<td></td>
<td>0</td>
<td>scripts.TechGlobalAlertsTest@6d7b4f4c</td></tr>
</table><p>
</body>
</html>