<?xml version="1.0" encoding="UTF-8"?>
<testng-results skipped="0" failed="3" ignored="8" total="50" passed="39">
  <reporter-output>
  </reporter-output>
  <suite name="Command line suite" duration-ms="239493" started-at="2023-03-06T16:24:02 CST" finished-at="2023-03-06T16:28:01 CST">
    <groups>
    </groups>
    <test name="Command line test" duration-ms="239493" started-at="2023-03-06T16:24:02 CST" finished-at="2023-03-06T16:28:01 CST">
      <class name="scripts.TechGlobalActionsTest">
        <test-method status="PASS" signature="setup()[pri:0, instance:scripts.TechGlobalActionsTest@20398b7c]" name="setup" is-config="true" duration-ms="3391" started-at="2023-03-06T16:27:13 CST" finished-at="2023-03-06T16:27:17 CST">
          <reporter-output>
          </reporter-output>
        </test-method> <!-- setup -->
        <test-method status="PASS" signature="setPage()[pri:0, instance:scripts.TechGlobalActionsTest@20398b7c]" name="setPage" is-config="true" duration-ms="976" started-at="2023-03-06T16:27:17 CST" finished-at="2023-03-06T16:27:18 CST">
          <reporter-output>
          </reporter-output>
        </test-method> <!-- setPage -->
        <test-method status="PASS" signature="clickActions()[pri:1, instance:scripts.TechGlobalActionsTest@20398b7c]" name="clickActions" duration-ms="656" started-at="2023-03-06T16:27:18 CST" description="Click first 3 boxes and validate the result" finished-at="2023-03-06T16:27:18 CST">
          <reporter-output>
          </reporter-output>
        </test-method> <!-- clickActions -->
        <test-method status="PASS" signature="teardown()[pri:0, instance:scripts.TechGlobalActionsTest@20398b7c]" name="teardown" is-config="true" duration-ms="240" started-at="2023-03-06T16:27:18 CST" finished-at="2023-03-06T16:27:18 CST">
          <reporter-output>
          </reporter-output>
        </test-method> <!-- teardown -->
        <test-method status="PASS" signature="setup()[pri:0, instance:scripts.TechGlobalActionsTest@20398b7c]" name="setup" is-config="true" duration-ms="3449" started-at="2023-03-06T16:27:18 CST" finished-at="2023-03-06T16:27:22 CST">
          <reporter-output>
          </reporter-output>
        </test-method> <!-- setup -->
        <test-method status="PASS" signature="setPage()[pri:0, instance:scripts.TechGlobalActionsTest@20398b7c]" name="setPage" is-config="true" duration-ms="940" started-at="2023-03-06T16:27:22 CST" finished-at="2023-03-06T16:27:23 CST">
          <reporter-output>
          </reporter-output>
        </test-method> <!-- setPage -->
        <test-method status="PASS" signature="validateDragAndDropAction()[pri:2, instance:scripts.TechGlobalActionsTest@20398b7c]" name="validateDragAndDropAction" duration-ms="1586" started-at="2023-03-06T16:27:23 CST" description="Drag and drop actions" finished-at="2023-03-06T16:27:24 CST">
          <reporter-output>
          </reporter-output>
        </test-method> <!-- validateDragAndDropAction -->
        <test-method status="PASS" signature="teardown()[pri:0, instance:scripts.TechGlobalActionsTest@20398b7c]" name="teardown" is-config="true" duration-ms="190" started-at="2023-03-06T16:27:24 CST" finished-at="2023-03-06T16:27:25 CST">
          <reporter-output>
          </reporter-output>
        </test-method> <!-- teardown -->
        <test-method status="PASS" signature="setup()[pri:0, instance:scripts.TechGlobalActionsTest@20398b7c]" name="setup" is-config="true" duration-ms="3316" started-at="2023-03-06T16:27:25 CST" finished-at="2023-03-06T16:27:28 CST">
          <reporter-output>
          </reporter-output>
        </test-method> <!-- setup -->
        <test-method status="PASS" signature="setPage()[pri:0, instance:scripts.TechGlobalActionsTest@20398b7c]" name="setPage" is-config="true" duration-ms="979" started-at="2023-03-06T16:27:28 CST" finished-at="2023-03-06T16:27:29 CST">
          <reporter-output>
          </reporter-output>
        </test-method> <!-- setPage -->
        <test-method status="PASS" signature="keyboardActions()[pri:3, instance:scripts.TechGlobalActionsTest@20398b7c]" name="keyboardActions" duration-ms="409" started-at="2023-03-06T16:27:29 CST" description="Keyboard actions" finished-at="2023-03-06T16:27:29 CST">
          <reporter-output>
          </reporter-output>
        </test-method> <!-- keyboardActions -->
        <test-method status="PASS" signature="teardown()[pri:0, instance:scripts.TechGlobalActionsTest@20398b7c]" name="teardown" is-config="true" duration-ms="163" started-at="2023-03-06T16:27:29 CST" finished-at="2023-03-06T16:27:29 CST">
          <reporter-output>
          </reporter-output>
        </test-method> <!-- teardown -->
        <test-method status="PASS" signature="setup()[pri:0, instance:scripts.TechGlobalActionsTest@20398b7c]" name="setup" is-config="true" duration-ms="3406" started-at="2023-03-06T16:27:29 CST" finished-at="2023-03-06T16:27:33 CST">
          <reporter-output>
          </reporter-output>
        </test-method> <!-- setup -->
        <test-method status="PASS" signature="setPage()[pri:0, instance:scripts.TechGlobalActionsTest@20398b7c]" name="setPage" is-config="true" duration-ms="1617" started-at="2023-03-06T16:27:33 CST" finished-at="2023-03-06T16:27:34 CST">
          <reporter-output>
          </reporter-output>
        </test-method> <!-- setPage -->
        <test-method status="PASS" signature="validateKeyboardInput()[pri:4, instance:scripts.TechGlobalActionsTest@20398b7c]" name="validateKeyboardInput" duration-ms="536" started-at="2023-03-06T16:27:34 CST" description="Copy and paste actions" finished-at="2023-03-06T16:27:35 CST">
          <reporter-output>
          </reporter-output>
        </test-method> <!-- validateKeyboardInput -->
        <test-method status="PASS" signature="teardown()[pri:0, instance:scripts.TechGlobalActionsTest@20398b7c]" name="teardown" is-config="true" duration-ms="200" started-at="2023-03-06T16:27:35 CST" finished-at="2023-03-06T16:27:35 CST">
          <reporter-output>
          </reporter-output>
        </test-method> <!-- teardown -->
      </class> <!-- scripts.TechGlobalActionsTest -->
      <class name="scripts.TechGlobalFrontendTestingHomeTest">
        <test-method status="PASS" signature="setup()[pri:0, instance:scripts.TechGlobalFrontendTestingHomeTest@78c03f1f]" name="setup" is-config="true" duration-ms="3659" started-at="2023-03-06T16:24:14 CST" finished-at="2023-03-06T16:24:18 CST">
          <reporter-output>
          </reporter-output>
        </test-method> <!-- setup -->
        <test-method status="PASS" signature="setPage()[pri:0, instance:scripts.TechGlobalFrontendTestingHomeTest@78c03f1f]" name="setPage" is-config="true" duration-ms="1" started-at="2023-03-06T16:24:18 CST" finished-at="2023-03-06T16:24:18 CST">
          <reporter-output>
          </reporter-output>
        </test-method> <!-- setPage -->
        <test-method status="PASS" signature="validateFrontendTestingCards()[pri:1, instance:scripts.TechGlobalFrontendTestingHomeTest@78c03f1f]" name="validateFrontendTestingCards" duration-ms="1724" started-at="2023-03-06T16:24:18 CST" description="Validate Frontend Testing Cards" finished-at="2023-03-06T16:24:20 CST">
          <reporter-output>
          </reporter-output>
        </test-method> <!-- validateFrontendTestingCards -->
        <test-method status="PASS" signature="teardown()[pri:0, instance:scripts.TechGlobalFrontendTestingHomeTest@78c03f1f]" name="teardown" is-config="true" duration-ms="212" started-at="2023-03-06T16:24:20 CST" finished-at="2023-03-06T16:24:20 CST">
          <reporter-output>
          </reporter-output>
        </test-method> <!-- teardown -->
        <test-method status="PASS" signature="setup()[pri:0, instance:scripts.TechGlobalFrontendTestingHomeTest@78c03f1f]" name="setup" is-config="true" duration-ms="3722" started-at="2023-03-06T16:24:25 CST" finished-at="2023-03-06T16:24:29 CST">
          <reporter-output>
          </reporter-output>
        </test-method> <!-- setup -->
        <test-method status="PASS" signature="setPage()[pri:0, instance:scripts.TechGlobalFrontendTestingHomeTest@78c03f1f]" name="setPage" is-config="true" duration-ms="1" started-at="2023-03-06T16:24:29 CST" finished-at="2023-03-06T16:24:29 CST">
          <reporter-output>
          </reporter-output>
        </test-method> <!-- setPage -->
        <test-method status="PASS" signature="validateFrontendTestingURL()[pri:2, instance:scripts.TechGlobalFrontendTestingHomeTest@78c03f1f]" name="validateFrontendTestingURL" duration-ms="688" started-at="2023-03-06T16:24:29 CST" description="Validate URL" finished-at="2023-03-06T16:24:30 CST">
          <reporter-output>
          </reporter-output>
        </test-method> <!-- validateFrontendTestingURL -->
        <test-method status="PASS" signature="teardown()[pri:0, instance:scripts.TechGlobalFrontendTestingHomeTest@78c03f1f]" name="teardown" is-config="true" duration-ms="186" started-at="2023-03-06T16:24:30 CST" finished-at="2023-03-06T16:24:30 CST">
          <reporter-output>
          </reporter-output>
        </test-method> <!-- teardown -->
      </class> <!-- scripts.TechGlobalFrontendTestingHomeTest -->
      <class name="scripts.TechGlobalFooterTest">
        <test-method status="PASS" signature="setup()[pri:0, instance:scripts.TechGlobalFooterTest@13a5fe33]" name="setup" is-config="true" duration-ms="3397" started-at="2023-03-06T16:26:09 CST" finished-at="2023-03-06T16:26:12 CST">
          <reporter-output>
          </reporter-output>
        </test-method> <!-- setup -->
        <test-method status="PASS" signature="validateCorrectTextDisplayFooter()[pri:0, instance:scripts.TechGlobalFooterTest@13a5fe33]" name="validateCorrectTextDisplayFooter" duration-ms="174" started-at="2023-03-06T16:26:12 CST" finished-at="2023-03-06T16:26:13 CST">
          <reporter-output>
          </reporter-output>
        </test-method> <!-- validateCorrectTextDisplayFooter -->
        <test-method status="PASS" signature="teardown()[pri:0, instance:scripts.TechGlobalFooterTest@13a5fe33]" name="teardown" is-config="true" duration-ms="213" started-at="2023-03-06T16:26:13 CST" finished-at="2023-03-06T16:26:13 CST">
          <reporter-output>
          </reporter-output>
        </test-method> <!-- teardown -->
        <test-method status="PASS" signature="setup()[pri:0, instance:scripts.TechGlobalFooterTest@13a5fe33]" name="setup" is-config="true" duration-ms="3715" started-at="2023-03-06T16:26:13 CST" finished-at="2023-03-06T16:26:17 CST">
          <reporter-output>
          </reporter-output>
        </test-method> <!-- setup -->
        <test-method status="PASS" signature="validateSocialLinksFooter()[pri:0, instance:scripts.TechGlobalFooterTest@13a5fe33]" name="validateSocialLinksFooter" duration-ms="145" started-at="2023-03-06T16:26:17 CST" finished-at="2023-03-06T16:26:17 CST">
          <reporter-output>
          </reporter-output>
        </test-method> <!-- validateSocialLinksFooter -->
        <test-method status="PASS" signature="teardown()[pri:0, instance:scripts.TechGlobalFooterTest@13a5fe33]" name="teardown" is-config="true" duration-ms="143" started-at="2023-03-06T16:26:17 CST" finished-at="2023-03-06T16:26:17 CST">
          <reporter-output>
          </reporter-output>
        </test-method> <!-- teardown -->
      </class> <!-- scripts.TechGlobalFooterTest -->
      <class name="scripts.TechGlobalFileUploadTest">
        <test-method status="PASS" signature="setup()[pri:0, instance:scripts.TechGlobalFileUploadTest@3108bc]" name="setup" is-config="true" duration-ms="3724" started-at="2023-03-06T16:26:17 CST" finished-at="2023-03-06T16:26:21 CST">
          <reporter-output>
          </reporter-output>
        </test-method> <!-- setup -->
        <test-method status="PASS" signature="setPage()[pri:0, instance:scripts.TechGlobalFileUploadTest@3108bc]" name="setPage" is-config="true" duration-ms="1063" started-at="2023-03-06T16:26:21 CST" finished-at="2023-03-06T16:26:22 CST">
          <reporter-output>
          </reporter-output>
        </test-method> <!-- setPage -->
        <test-method status="PASS" signature="validateFileUpload()[pri:1, instance:scripts.TechGlobalFileUploadTest@3108bc]" name="validateFileUpload" duration-ms="130" started-at="2023-03-06T16:26:22 CST" description="Validate file upload" finished-at="2023-03-06T16:26:22 CST">
          <reporter-output>
          </reporter-output>
        </test-method> <!-- validateFileUpload -->
        <test-method status="PASS" signature="teardown()[pri:0, instance:scripts.TechGlobalFileUploadTest@3108bc]" name="teardown" is-config="true" duration-ms="155" started-at="2023-03-06T16:26:22 CST" finished-at="2023-03-06T16:26:22 CST">
          <reporter-output>
          </reporter-output>
        </test-method> <!-- teardown -->
      </class> <!-- scripts.TechGlobalFileUploadTest -->
      <class name="scripts.TechGlobalJavaExercisesHomeTest">
        <test-method status="PASS" signature="setup()[pri:0, instance:scripts.TechGlobalJavaExercisesHomeTest@4e9ba398]" name="setup" is-config="true" duration-ms="3500" started-at="2023-03-06T16:25:35 CST" finished-at="2023-03-06T16:25:38 CST">
          <reporter-output>
          </reporter-output>
        </test-method> <!-- setup -->
        <test-method status="PASS" signature="setPage()[pri:0, instance:scripts.TechGlobalJavaExercisesHomeTest@4e9ba398]" name="setPage" is-config="true" duration-ms="3" started-at="2023-03-06T16:25:38 CST" finished-at="2023-03-06T16:25:38 CST">
          <reporter-output>
          </reporter-output>
        </test-method> <!-- setPage -->
        <test-method status="PASS" signature="validateJavaExercisesCards()[pri:0, instance:scripts.TechGlobalJavaExercisesHomeTest@4e9ba398]" name="validateJavaExercisesCards" duration-ms="1940" started-at="2023-03-06T16:25:38 CST" finished-at="2023-03-06T16:25:40 CST">
          <reporter-output>
          </reporter-output>
        </test-method> <!-- validateJavaExercisesCards -->
        <test-method status="PASS" signature="teardown()[pri:0, instance:scripts.TechGlobalJavaExercisesHomeTest@4e9ba398]" name="teardown" is-config="true" duration-ms="162" started-at="2023-03-06T16:25:40 CST" finished-at="2023-03-06T16:25:40 CST">
          <reporter-output>
          </reporter-output>
        </test-method> <!-- teardown -->
      </class> <!-- scripts.TechGlobalJavaExercisesHomeTest -->
      <class name="scripts.TechGlobalCheckBoxTest">
        <test-method status="PASS" signature="setup()[pri:0, instance:scripts.TechGlobalCheckBoxTest@6fc6f14e]" name="setup" is-config="true" duration-ms="3258" started-at="2023-03-06T16:27:35 CST" finished-at="2023-03-06T16:27:38 CST">
          <reporter-output>
          </reporter-output>
        </test-method> <!-- setup -->
        <test-method status="PASS" signature="setPage()[pri:0, instance:scripts.TechGlobalCheckBoxTest@6fc6f14e]" name="setPage" is-config="true" duration-ms="2" started-at="2023-03-06T16:27:38 CST" finished-at="2023-03-06T16:27:38 CST">
          <reporter-output>
          </reporter-output>
        </test-method> <!-- setPage -->
        <test-method status="PASS" signature="validateCheckboxes1()[pri:1, instance:scripts.TechGlobalCheckBoxTest@6fc6f14e]" name="validateCheckboxes1" duration-ms="1722" started-at="2023-03-06T16:27:38 CST" description="Validate Checkboxes first group" finished-at="2023-03-06T16:27:40 CST">
          <reporter-output>
          </reporter-output>
        </test-method> <!-- validateCheckboxes1 -->
        <test-method status="PASS" signature="teardown()[pri:0, instance:scripts.TechGlobalCheckBoxTest@6fc6f14e]" name="teardown" is-config="true" duration-ms="155" started-at="2023-03-06T16:27:40 CST" finished-at="2023-03-06T16:27:40 CST">
          <reporter-output>
          </reporter-output>
        </test-method> <!-- teardown -->
        <test-method status="PASS" signature="setup()[pri:0, instance:scripts.TechGlobalCheckBoxTest@6fc6f14e]" name="setup" is-config="true" duration-ms="3537" started-at="2023-03-06T16:27:40 CST" finished-at="2023-03-06T16:27:44 CST">
          <reporter-output>
          </reporter-output>
        </test-method> <!-- setup -->
        <test-method status="PASS" signature="validateCheckboxes2()[pri:1, instance:scripts.TechGlobalCheckBoxTest@6fc6f14e]" name="validateCheckboxes2" duration-ms="1074" started-at="2023-03-06T16:27:44 CST" description="Validate Checkboxes second group" finished-at="2023-03-06T16:27:45 CST">
          <reporter-output>
          </reporter-output>
        </test-method> <!-- validateCheckboxes2 -->
        <test-method status="PASS" signature="setPage()[pri:0, instance:scripts.TechGlobalCheckBoxTest@6fc6f14e]" name="setPage" is-config="true" duration-ms="0" started-at="2023-03-06T16:27:44 CST" finished-at="2023-03-06T16:27:44 CST">
          <reporter-output>
          </reporter-output>
        </test-method> <!-- setPage -->
        <test-method status="PASS" signature="teardown()[pri:0, instance:scripts.TechGlobalCheckBoxTest@6fc6f14e]" name="teardown" is-config="true" duration-ms="213" started-at="2023-03-06T16:27:45 CST" finished-at="2023-03-06T16:27:45 CST">
          <reporter-output>
          </reporter-output>
        </test-method> <!-- teardown -->
      </class> <!-- scripts.TechGlobalCheckBoxTest -->
      <class name="scripts.TechGlobalAlertsTest">
        <test-method status="PASS" signature="setup()[pri:0, instance:scripts.TechGlobalAlertsTest@6d7b4f4c]" name="setup" is-config="true" duration-ms="3469" started-at="2023-03-06T16:25:40 CST" finished-at="2023-03-06T16:25:44 CST">
          <reporter-output>
          </reporter-output>
        </test-method> <!-- setup -->
        <test-method status="PASS" signature="setPage()[pri:0, instance:scripts.TechGlobalAlertsTest@6d7b4f4c]" name="setPage" is-config="true" duration-ms="959" started-at="2023-03-06T16:25:44 CST" finished-at="2023-03-06T16:25:45 CST">
          <reporter-output>
          </reporter-output>
        </test-method> <!-- setPage -->
        <test-method status="PASS" signature="warningAlertValidation()[pri:1, instance:scripts.TechGlobalAlertsTest@6d7b4f4c]" name="warningAlertValidation" duration-ms="223" started-at="2023-03-06T16:25:45 CST" description="Validate Warning alert" finished-at="2023-03-06T16:25:45 CST">
          <reporter-output>
          </reporter-output>
        </test-method> <!-- warningAlertValidation -->
        <test-method status="PASS" signature="teardown()[pri:0, instance:scripts.TechGlobalAlertsTest@6d7b4f4c]" name="teardown" is-config="true" duration-ms="187" started-at="2023-03-06T16:25:45 CST" finished-at="2023-03-06T16:25:45 CST">
          <reporter-output>
          </reporter-output>
        </test-method> <!-- teardown -->
        <test-method status="PASS" signature="setup()[pri:0, instance:scripts.TechGlobalAlertsTest@6d7b4f4c]" name="setup" is-config="true" duration-ms="3574" started-at="2023-03-06T16:25:45 CST" finished-at="2023-03-06T16:25:49 CST">
          <reporter-output>
          </reporter-output>
        </test-method> <!-- setup -->
        <test-method status="PASS" signature="setPage()[pri:0, instance:scripts.TechGlobalAlertsTest@6d7b4f4c]" name="setPage" is-config="true" duration-ms="935" started-at="2023-03-06T16:25:49 CST" finished-at="2023-03-06T16:25:50 CST">
          <reporter-output>
          </reporter-output>
        </test-method> <!-- setPage -->
        <test-method status="PASS" signature="confirmationAlertValidation()[pri:2, instance:scripts.TechGlobalAlertsTest@6d7b4f4c]" name="confirmationAlertValidation" duration-ms="238" started-at="2023-03-06T16:25:50 CST" description="Validate Confirmation alert" finished-at="2023-03-06T16:25:50 CST">
          <reporter-output>
          </reporter-output>
        </test-method> <!-- confirmationAlertValidation -->
        <test-method status="PASS" signature="teardown()[pri:0, instance:scripts.TechGlobalAlertsTest@6d7b4f4c]" name="teardown" is-config="true" duration-ms="186" started-at="2023-03-06T16:25:50 CST" finished-at="2023-03-06T16:25:50 CST">
          <reporter-output>
          </reporter-output>
        </test-method> <!-- teardown -->
        <test-method status="PASS" signature="setup()[pri:0, instance:scripts.TechGlobalAlertsTest@6d7b4f4c]" name="setup" is-config="true" duration-ms="3396" started-at="2023-03-06T16:25:50 CST" finished-at="2023-03-06T16:25:53 CST">
          <reporter-output>
          </reporter-output>
        </test-method> <!-- setup -->
        <test-method status="PASS" signature="setPage()[pri:0, instance:scripts.TechGlobalAlertsTest@6d7b4f4c]" name="setPage" is-config="true" duration-ms="829" started-at="2023-03-06T16:25:53 CST" finished-at="2023-03-06T16:25:54 CST">
          <reporter-output>
          </reporter-output>
        </test-method> <!-- setPage -->
        <test-method status="PASS" signature="promptAlertValidation()[pri:3, instance:scripts.TechGlobalAlertsTest@6d7b4f4c]" name="promptAlertValidation" duration-ms="414" started-at="2023-03-06T16:25:54 CST" description="Validate Prompt alert" finished-at="2023-03-06T16:25:55 CST">
          <reporter-output>
          </reporter-output>
        </test-method> <!-- promptAlertValidation -->
        <test-method status="PASS" signature="teardown()[pri:0, instance:scripts.TechGlobalAlertsTest@6d7b4f4c]" name="teardown" is-config="true" duration-ms="145" started-at="2023-03-06T16:25:55 CST" finished-at="2023-03-06T16:25:55 CST">
          <reporter-output>
          </reporter-output>
        </test-method> <!-- teardown -->
      </class> <!-- scripts.TechGlobalAlertsTest -->
      <class name="scripts.TechGlobalIFramesTest">
        <test-method status="PASS" signature="setup()[pri:0, instance:scripts.TechGlobalIFramesTest@71423665]" name="setup" is-config="true" duration-ms="3353" started-at="2023-03-06T16:27:03 CST" finished-at="2023-03-06T16:27:07 CST">
          <reporter-output>
          </reporter-output>
        </test-method> <!-- setup -->
        <test-method status="PASS" signature="setPage()[pri:0, instance:scripts.TechGlobalIFramesTest@71423665]" name="setPage" is-config="true" duration-ms="1084" started-at="2023-03-06T16:27:07 CST" finished-at="2023-03-06T16:27:08 CST">
          <reporter-output>
          </reporter-output>
        </test-method> <!-- setPage -->
        <test-method status="PASS" signature="validateInputText()[pri:1, instance:scripts.TechGlobalIFramesTest@71423665]" name="validateInputText" duration-ms="237" started-at="2023-03-06T16:27:08 CST" description="Validating input header text" finished-at="2023-03-06T16:27:08 CST">
          <reporter-output>
          </reporter-output>
        </test-method> <!-- validateInputText -->
        <test-method status="PASS" signature="teardown()[pri:0, instance:scripts.TechGlobalIFramesTest@71423665]" name="teardown" is-config="true" duration-ms="207" started-at="2023-03-06T16:27:08 CST" finished-at="2023-03-06T16:27:08 CST">
          <reporter-output>
          </reporter-output>
        </test-method> <!-- teardown -->
        <test-method status="PASS" signature="setup()[pri:0, instance:scripts.TechGlobalIFramesTest@71423665]" name="setup" is-config="true" duration-ms="3421" started-at="2023-03-06T16:27:08 CST" finished-at="2023-03-06T16:27:12 CST">
          <reporter-output>
          </reporter-output>
        </test-method> <!-- setup -->
        <test-method status="PASS" signature="setPage()[pri:0, instance:scripts.TechGlobalIFramesTest@71423665]" name="setPage" is-config="true" duration-ms="1002" started-at="2023-03-06T16:27:12 CST" finished-at="2023-03-06T16:27:13 CST">
          <reporter-output>
          </reporter-output>
        </test-method> <!-- setPage -->
        <test-method status="PASS" signature="validateResultDisplay()[pri:2, instance:scripts.TechGlobalIFramesTest@71423665]" name="validateResultDisplay" duration-ms="441" started-at="2023-03-06T16:27:13 CST" description="Validating result display" finished-at="2023-03-06T16:27:13 CST">
          <reporter-output>
          </reporter-output>
        </test-method> <!-- validateResultDisplay -->
        <test-method status="PASS" signature="teardown()[pri:0, instance:scripts.TechGlobalIFramesTest@71423665]" name="teardown" is-config="true" duration-ms="188" started-at="2023-03-06T16:27:13 CST" finished-at="2023-03-06T16:27:13 CST">
          <reporter-output>
          </reporter-output>
        </test-method> <!-- teardown -->
      </class> <!-- scripts.TechGlobalIFramesTest -->
      <class name="scripts.TechGlobalFileDownloadTest">
        <test-method status="PASS" signature="setup()[pri:0, instance:scripts.TechGlobalFileDownloadTest@370736d9]" name="setup" is-config="true" duration-ms="3528" started-at="2023-03-06T16:26:22 CST" finished-at="2023-03-06T16:26:25 CST">
          <reporter-output>
          </reporter-output>
        </test-method> <!-- setup -->
        <test-method status="PASS" signature="setPage()[pri:0, instance:scripts.TechGlobalFileDownloadTest@370736d9]" name="setPage" is-config="true" duration-ms="1042" started-at="2023-03-06T16:26:25 CST" finished-at="2023-03-06T16:26:27 CST">
          <reporter-output>
          </reporter-output>
        </test-method> <!-- setPage -->
        <test-method status="PASS" signature="validateFileDownload()[pri:1, instance:scripts.TechGlobalFileDownloadTest@370736d9]" name="validateFileDownload" duration-ms="49" started-at="2023-03-06T16:26:27 CST" description="Validate file download" finished-at="2023-03-06T16:26:27 CST">
          <reporter-output>
          </reporter-output>
        </test-method> <!-- validateFileDownload -->
        <test-method status="PASS" signature="teardown()[pri:0, instance:scripts.TechGlobalFileDownloadTest@370736d9]" name="teardown" is-config="true" duration-ms="276" started-at="2023-03-06T16:26:27 CST" finished-at="2023-03-06T16:26:27 CST">
          <reporter-output>
          </reporter-output>
        </test-method> <!-- teardown -->
      </class> <!-- scripts.TechGlobalFileDownloadTest -->
      <class name="scripts.TechGlobalDynamicElementsTest">
        <test-method status="PASS" signature="setup()[pri:0, instance:scripts.TechGlobalDynamicElementsTest@5abca1e0]" name="setup" is-config="true" duration-ms="3437" started-at="2023-03-06T16:25:20 CST" finished-at="2023-03-06T16:25:24 CST">
          <reporter-output>
          </reporter-output>
        </test-method> <!-- setup -->
        <test-method status="PASS" signature="setPage()[pri:0, instance:scripts.TechGlobalDynamicElementsTest@5abca1e0]" name="setPage" is-config="true" duration-ms="2" started-at="2023-03-06T16:25:24 CST" finished-at="2023-03-06T16:25:24 CST">
          <reporter-output>
          </reporter-output>
        </test-method> <!-- setPage -->
        <test-method status="PASS" signature="dynamicElementsTest()[pri:1, instance:scripts.TechGlobalDynamicElementsTest@5abca1e0]" name="dynamicElementsTest" duration-ms="887" started-at="2023-03-06T16:25:24 CST" description="Testing Dynamic Web Elements" finished-at="2023-03-06T16:25:25 CST">
          <reporter-output>
          </reporter-output>
        </test-method> <!-- dynamicElementsTest -->
        <test-method status="PASS" signature="teardown()[pri:0, instance:scripts.TechGlobalDynamicElementsTest@5abca1e0]" name="teardown" is-config="true" duration-ms="184" started-at="2023-03-06T16:25:25 CST" finished-at="2023-03-06T16:25:25 CST">
          <reporter-output>
          </reporter-output>
        </test-method> <!-- teardown -->
      </class> <!-- scripts.TechGlobalDynamicElementsTest -->
      <class name="scripts.TechGlobalStaticTablesTest">
        <test-method status="PASS" signature="setup()[pri:0, instance:scripts.TechGlobalStaticTablesTest@5383967b]" name="setup" is-config="true" duration-ms="3432" started-at="2023-03-06T16:26:37 CST" finished-at="2023-03-06T16:26:40 CST">
          <reporter-output>
          </reporter-output>
        </test-method> <!-- setup -->
        <test-method status="PASS" signature="setPage()[pri:0, instance:scripts.TechGlobalStaticTablesTest@5383967b]" name="setPage" is-config="true" duration-ms="990" started-at="2023-03-06T16:26:40 CST" finished-at="2023-03-06T16:26:41 CST">
          <reporter-output>
          </reporter-output>
        </test-method> <!-- setPage -->
        <test-method status="PASS" signature="validateStaticTablesHeader()[pri:1, instance:scripts.TechGlobalStaticTablesTest@5383967b]" name="validateStaticTablesHeader" duration-ms="82" started-at="2023-03-06T16:26:41 CST" description="Validate Header Table text" finished-at="2023-03-06T16:26:41 CST">
          <reporter-output>
          </reporter-output>
        </test-method> <!-- validateStaticTablesHeader -->
        <test-method status="PASS" signature="teardown()[pri:0, instance:scripts.TechGlobalStaticTablesTest@5383967b]" name="teardown" is-config="true" duration-ms="190" started-at="2023-03-06T16:26:41 CST" finished-at="2023-03-06T16:26:42 CST">
          <reporter-output>
          </reporter-output>
        </test-method> <!-- teardown -->
        <test-method status="PASS" signature="setup()[pri:0, instance:scripts.TechGlobalStaticTablesTest@5383967b]" name="setup" is-config="true" duration-ms="3531" started-at="2023-03-06T16:26:42 CST" finished-at="2023-03-06T16:26:45 CST">
          <reporter-output>
          </reporter-output>
        </test-method> <!-- setup -->
        <test-method status="PASS" signature="setPage()[pri:0, instance:scripts.TechGlobalStaticTablesTest@5383967b]" name="setPage" is-config="true" duration-ms="940" started-at="2023-03-06T16:26:45 CST" finished-at="2023-03-06T16:26:46 CST">
          <reporter-output>
          </reporter-output>
        </test-method> <!-- setPage -->
        <test-method status="PASS" signature="validateStaticTablesRow1()[pri:2, instance:scripts.TechGlobalStaticTablesTest@5383967b]" name="validateStaticTablesRow1" duration-ms="54" started-at="2023-03-06T16:26:46 CST" description="Validate Row 1 text" finished-at="2023-03-06T16:26:46 CST">
          <reporter-output>
          </reporter-output>
        </test-method> <!-- validateStaticTablesRow1 -->
        <test-method status="PASS" signature="teardown()[pri:0, instance:scripts.TechGlobalStaticTablesTest@5383967b]" name="teardown" is-config="true" duration-ms="199" started-at="2023-03-06T16:26:46 CST" finished-at="2023-03-06T16:26:46 CST">
          <reporter-output>
          </reporter-output>
        </test-method> <!-- teardown -->
        <test-method status="PASS" signature="setup()[pri:0, instance:scripts.TechGlobalStaticTablesTest@5383967b]" name="setup" is-config="true" duration-ms="3381" started-at="2023-03-06T16:26:46 CST" finished-at="2023-03-06T16:26:50 CST">
          <reporter-output>
          </reporter-output>
        </test-method> <!-- setup -->
        <test-method status="PASS" signature="setPage()[pri:0, instance:scripts.TechGlobalStaticTablesTest@5383967b]" name="setPage" is-config="true" duration-ms="965" started-at="2023-03-06T16:26:50 CST" finished-at="2023-03-06T16:26:51 CST">
          <reporter-output>
          </reporter-output>
        </test-method> <!-- setPage -->
        <test-method status="PASS" signature="validateStaticTableColumn4()[pri:3, instance:scripts.TechGlobalStaticTablesTest@5383967b]" name="validateStaticTableColumn4" duration-ms="112" started-at="2023-03-06T16:26:51 CST" description="Validate Column 4 text" finished-at="2023-03-06T16:26:51 CST">
          <reporter-output>
          </reporter-output>
        </test-method> <!-- validateStaticTableColumn4 -->
        <test-method status="PASS" signature="teardown()[pri:0, instance:scripts.TechGlobalStaticTablesTest@5383967b]" name="teardown" is-config="true" duration-ms="194" started-at="2023-03-06T16:26:51 CST" finished-at="2023-03-06T16:26:51 CST">
          <reporter-output>
          </reporter-output>
        </test-method> <!-- teardown -->
        <test-method status="PASS" signature="setup()[pri:0, instance:scripts.TechGlobalStaticTablesTest@5383967b]" name="setup" is-config="true" duration-ms="3181" started-at="2023-03-06T16:26:51 CST" finished-at="2023-03-06T16:26:54 CST">
          <reporter-output>
          </reporter-output>
        </test-method> <!-- setup -->
        <test-method status="PASS" signature="setPage()[pri:0, instance:scripts.TechGlobalStaticTablesTest@5383967b]" name="setPage" is-config="true" duration-ms="859" started-at="2023-03-06T16:26:54 CST" finished-at="2023-03-06T16:26:55 CST">
          <reporter-output>
          </reporter-output>
        </test-method> <!-- setPage -->
        <test-method status="PASS" signature="validateAllCells()[pri:4, instance:scripts.TechGlobalStaticTablesTest@5383967b]" name="validateAllCells" duration-ms="299" started-at="2023-03-06T16:26:55 CST" description="Validate all cells" finished-at="2023-03-06T16:26:55 CST">
          <reporter-output>
          </reporter-output>
        </test-method> <!-- validateAllCells -->
        <test-method status="PASS" signature="teardown()[pri:0, instance:scripts.TechGlobalStaticTablesTest@5383967b]" name="teardown" is-config="true" duration-ms="182" started-at="2023-03-06T16:26:55 CST" finished-at="2023-03-06T16:26:56 CST">
          <reporter-output>
          </reporter-output>
        </test-method> <!-- teardown -->
      </class> <!-- scripts.TechGlobalStaticTablesTest -->
      <class name="scripts.TechGlobalCalendarTest">
        <test-method status="PASS" signature="setup()[pri:0, instance:scripts.TechGlobalCalendarTest@5f9d02cb]" name="setup" is-config="true" duration-ms="3558" started-at="2023-03-06T16:26:27 CST" finished-at="2023-03-06T16:26:30 CST">
          <reporter-output>
          </reporter-output>
        </test-method> <!-- setup -->
        <test-method status="PASS" signature="setPage()[pri:0, instance:scripts.TechGlobalCalendarTest@5f9d02cb]" name="setPage" is-config="true" duration-ms="1105" started-at="2023-03-06T16:26:30 CST" finished-at="2023-03-06T16:26:32 CST">
          <reporter-output>
          </reporter-output>
        </test-method> <!-- setPage -->
        <test-method status="PASS" signature="validateDatePicker()[pri:1, instance:scripts.TechGlobalCalendarTest@5f9d02cb]" name="validateDatePicker" duration-ms="616" started-at="2023-03-06T16:26:32 CST" description="Validate Date Picker" finished-at="2023-03-06T16:26:32 CST">
          <reporter-output>
          </reporter-output>
        </test-method> <!-- validateDatePicker -->
        <test-method status="PASS" signature="teardown()[pri:0, instance:scripts.TechGlobalCalendarTest@5f9d02cb]" name="teardown" is-config="true" duration-ms="151" started-at="2023-03-06T16:26:32 CST" finished-at="2023-03-06T16:26:32 CST">
          <reporter-output>
          </reporter-output>
        </test-method> <!-- teardown -->
      </class> <!-- scripts.TechGlobalCalendarTest -->
      <class name="scripts.TechGlobalMultipleWindowsTest">
        <test-method status="PASS" signature="setup()[pri:0, instance:scripts.TechGlobalMultipleWindowsTest@56235b8e]" name="setup" is-config="true" duration-ms="3461" started-at="2023-03-06T16:27:45 CST" finished-at="2023-03-06T16:27:49 CST">
          <reporter-output>
          </reporter-output>
        </test-method> <!-- setup -->
        <test-method status="PASS" signature="setPage()[pri:0, instance:scripts.TechGlobalMultipleWindowsTest@56235b8e]" name="setPage" is-config="true" duration-ms="914" started-at="2023-03-06T16:27:49 CST" finished-at="2023-03-06T16:27:50 CST">
          <reporter-output>
          </reporter-output>
        </test-method> <!-- setPage -->
        <test-method status="PASS" signature="validateTheAppleLink()[pri:1, instance:scripts.TechGlobalMultipleWindowsTest@56235b8e]" name="validateTheAppleLink" duration-ms="1939" started-at="2023-03-06T16:27:50 CST" description="Validate the Apple link" finished-at="2023-03-06T16:27:51 CST">
          <reporter-output>
          </reporter-output>
        </test-method> <!-- validateTheAppleLink -->
        <test-method status="PASS" signature="teardown()[pri:0, instance:scripts.TechGlobalMultipleWindowsTest@56235b8e]" name="teardown" is-config="true" duration-ms="198" started-at="2023-03-06T16:27:51 CST" finished-at="2023-03-06T16:27:52 CST">
          <reporter-output>
          </reporter-output>
        </test-method> <!-- teardown -->
        <test-method status="PASS" signature="setup()[pri:0, instance:scripts.TechGlobalMultipleWindowsTest@56235b8e]" name="setup" is-config="true" duration-ms="3421" started-at="2023-03-06T16:27:52 CST" finished-at="2023-03-06T16:27:55 CST">
          <reporter-output>
          </reporter-output>
        </test-method> <!-- setup -->
        <test-method status="PASS" signature="setPage()[pri:0, instance:scripts.TechGlobalMultipleWindowsTest@56235b8e]" name="setPage" is-config="true" duration-ms="950" started-at="2023-03-06T16:27:55 CST" finished-at="2023-03-06T16:27:56 CST">
          <reporter-output>
          </reporter-output>
        </test-method> <!-- setPage -->
        <test-method status="PASS" signature="validateLinkURLs()[pri:2, instance:scripts.TechGlobalMultipleWindowsTest@56235b8e]" name="validateLinkURLs" duration-ms="5154" started-at="2023-03-06T16:27:56 CST" description="Validate link URLs" finished-at="2023-03-06T16:28:01 CST">
          <reporter-output>
          </reporter-output>
        </test-method> <!-- validateLinkURLs -->
        <test-method status="PASS" signature="teardown()[pri:0, instance:scripts.TechGlobalMultipleWindowsTest@56235b8e]" name="teardown" is-config="true" duration-ms="248" started-at="2023-03-06T16:28:01 CST" finished-at="2023-03-06T16:28:01 CST">
          <reporter-output>
          </reporter-output>
        </test-method> <!-- teardown -->
      </class> <!-- scripts.TechGlobalMultipleWindowsTest -->
      <class name="scripts.TechGlobalLogoTest">
        <test-method status="PASS" signature="setup()[pri:0, instance:scripts.TechGlobalLogoTest@5ec0a365]" name="setup" is-config="true" duration-ms="3584" started-at="2023-03-06T16:24:30 CST" finished-at="2023-03-06T16:24:34 CST">
          <reporter-output>
          </reporter-output>
        </test-method> <!-- setup -->
        <test-method status="PASS" signature="validateTechGlobalLogo()[pri:0, instance:scripts.TechGlobalLogoTest@5ec0a365]" name="validateTechGlobalLogo" duration-ms="155" started-at="2023-03-06T16:24:34 CST" finished-at="2023-03-06T16:24:34 CST">
          <reporter-output>
          </reporter-output>
        </test-method> <!-- validateTechGlobalLogo -->
        <test-method status="PASS" signature="teardown()[pri:0, instance:scripts.TechGlobalLogoTest@5ec0a365]" name="teardown" is-config="true" duration-ms="182" started-at="2023-03-06T16:24:34 CST" finished-at="2023-03-06T16:24:34 CST">
          <reporter-output>
          </reporter-output>
        </test-method> <!-- teardown -->
      </class> <!-- scripts.TechGlobalLogoTest -->
      <class name="scripts.TechGlobalSortableTablesTest">
        <test-method status="PASS" signature="setup()[pri:0, instance:scripts.TechGlobalSortableTablesTest@4fe3c938]" name="setup" is-config="true" duration-ms="3687" started-at="2023-03-06T16:24:34 CST" finished-at="2023-03-06T16:24:38 CST">
          <reporter-output>
          </reporter-output>
        </test-method> <!-- setup -->
        <test-method status="PASS" signature="setPage()[pri:0, instance:scripts.TechGlobalSortableTablesTest@4fe3c938]" name="setPage" is-config="true" duration-ms="1099" started-at="2023-03-06T16:24:38 CST" finished-at="2023-03-06T16:24:39 CST">
          <reporter-output>
          </reporter-output>
        </test-method> <!-- setPage -->
        <test-method status="FAIL" signature="validateSortAcsByQuantity()[pri:1, instance:scripts.TechGlobalSortableTablesTest@4fe3c938]" name="validateSortAcsByQuantity" duration-ms="10075" started-at="2023-03-06T16:24:39 CST" description="Sort table by acs and validate it is sorted bt quantity" finished-at="2023-03-06T16:24:49 CST">
          <exception class="org.openqa.selenium.NoSuchElementException">
            <message>
              <![CDATA[no such element: Unable to locate element: {"method":"css selector","selector":"#quantitiy_asc"}
  (Session info: chrome=110.0.5481.177)
For documentation on this error, please visit: https://www.seleniumhq.org/exceptions/no_such_element.html
Build info: version: '3.141.59', revision: 'e82be7d358', time: '2018-11-14T08:17:03'
System info: host: 'Andrews-MBP.local.tld', ip: 'fe80:0:0:0:10f3:8220:1202:7f5%en0', os.name: 'Mac OS X', os.arch: 'x86_64', os.version: '13.2.1', java.version: '1.8.0_341'
Driver info: org.openqa.selenium.chrome.ChromeDriver
Capabilities {acceptInsecureCerts: false, browserName: chrome, browserVersion: 110.0.5481.177, chrome: {chromedriverVersion: 110.0.5481.77 (65ed616c6e8e..., userDataDir: /var/folders/qv/t4vgk6w940q...}, goog:chromeOptions: {debuggerAddress: localhost:50835}, javascriptEnabled: true, networkConnectionEnabled: false, pageLoadStrategy: normal, platform: MAC, platformName: MAC, proxy: Proxy(), setWindowRect: true, strictFileInteractability: false, timeouts: {implicit: 0, pageLoad: 300000, script: 30000}, unhandledPromptBehavior: dismiss and notify, webauthn:extension:credBlob: true, webauthn:extension:largeBlob: true, webauthn:virtualAuthenticators: true}
Session ID: 6dfd5c24dfcb9d25831f373789929bed
*** Element info: {Using=id, value=quantitiy_asc}]]>
            </message>
            <full-stacktrace>
              <![CDATA[org.openqa.selenium.NoSuchElementException: no such element: Unable to locate element: {"method":"css selector","selector":"#quantitiy_asc"}
  (Session info: chrome=110.0.5481.177)
For documentation on this error, please visit: https://www.seleniumhq.org/exceptions/no_such_element.html
Build info: version: '3.141.59', revision: 'e82be7d358', time: '2018-11-14T08:17:03'
System info: host: 'Andrews-MBP.local.tld', ip: 'fe80:0:0:0:10f3:8220:1202:7f5%en0', os.name: 'Mac OS X', os.arch: 'x86_64', os.version: '13.2.1', java.version: '1.8.0_341'
Driver info: org.openqa.selenium.chrome.ChromeDriver
Capabilities {acceptInsecureCerts: false, browserName: chrome, browserVersion: 110.0.5481.177, chrome: {chromedriverVersion: 110.0.5481.77 (65ed616c6e8e..., userDataDir: /var/folders/qv/t4vgk6w940q...}, goog:chromeOptions: {debuggerAddress: localhost:50835}, javascriptEnabled: true, networkConnectionEnabled: false, pageLoadStrategy: normal, platform: MAC, platformName: MAC, proxy: Proxy(), setWindowRect: true, strictFileInteractability: false, timeouts: {implicit: 0, pageLoad: 300000, script: 30000}, unhandledPromptBehavior: dismiss and notify, webauthn:extension:credBlob: true, webauthn:extension:largeBlob: true, webauthn:virtualAuthenticators: true}
Session ID: 6dfd5c24dfcb9d25831f373789929bed
*** Element info: {Using=id, value=quantitiy_asc}
at sun.reflect.NativeConstructorAccessorImpl.newInstance0(Native Method)
at sun.reflect.NativeConstructorAccessorImpl.newInstance(NativeConstructorAccessorImpl.java:62)
at sun.reflect.DelegatingConstructorAccessorImpl.newInstance(DelegatingConstructorAccessorImpl.java:45)
at java.lang.reflect.Constructor.newInstance(Constructor.java:423)
at org.openqa.selenium.remote.http.W3CHttpResponseCodec.createException(W3CHttpResponseCodec.java:187)
at org.openqa.selenium.remote.http.W3CHttpResponseCodec.decode(W3CHttpResponseCodec.java:122)
at org.openqa.selenium.remote.http.W3CHttpResponseCodec.decode(W3CHttpResponseCodec.java:49)
at org.openqa.selenium.remote.HttpCommandExecutor.execute(HttpCommandExecutor.java:158)
at org.openqa.selenium.remote.service.DriverCommandExecutor.execute(DriverCommandExecutor.java:83)
at org.openqa.selenium.remote.RemoteWebDriver.execute(RemoteWebDriver.java:552)
at org.openqa.selenium.remote.RemoteWebDriver.findElement(RemoteWebDriver.java:323)
at org.openqa.selenium.remote.RemoteWebDriver.findElementById(RemoteWebDriver.java:372)
at org.openqa.selenium.By$ById.findElement(By.java:188)
at org.openqa.selenium.remote.RemoteWebDriver.findElement(RemoteWebDriver.java:315)
at org.openqa.selenium.support.pagefactory.DefaultElementLocator.findElement(DefaultElementLocator.java:69)
at org.openqa.selenium.support.pagefactory.internal.LocatingElementHandler.invoke(LocatingElementHandler.java:38)
at com.sun.proxy.$Proxy7.click(Unknown Source)
at scripts.TechGlobalSortableTablesTest.validateSortAcsByQuantity(TechGlobalSortableTablesTest.java:42)
at sun.reflect.NativeMethodAccessorImpl.invoke0(Native Method)
at sun.reflect.NativeMethodAccessorImpl.invoke(NativeMethodAccessorImpl.java:62)
at sun.reflect.DelegatingMethodAccessorImpl.invoke(DelegatingMethodAccessorImpl.java:43)
at java.lang.reflect.Method.invoke(Method.java:498)
at org.testng.internal.MethodInvocationHelper.invokeMethod(MethodInvocationHelper.java:134)
at org.testng.internal.TestInvoker.invokeMethod(TestInvoker.java:597)
at org.testng.internal.TestInvoker.invokeTestMethod(TestInvoker.java:173)
at org.testng.internal.MethodRunner.runInSequence(MethodRunner.java:46)
at org.testng.internal.TestInvoker$MethodInvocationAgent.invoke(TestInvoker.java:816)
at org.testng.internal.TestInvoker.invokeTestMethods(TestInvoker.java:146)
at org.testng.internal.TestMethodWorker.invokeTestMethods(TestMethodWorker.java:146)
at org.testng.internal.TestMethodWorker.run(TestMethodWorker.java:128)
at java.util.ArrayList.forEach(ArrayList.java:1259)
at org.testng.TestRunner.privateRun(TestRunner.java:766)
at org.testng.TestRunner.run(TestRunner.java:587)
at org.testng.SuiteRunner.runTest(SuiteRunner.java:384)
at org.testng.SuiteRunner.runSequentially(SuiteRunner.java:378)
at org.testng.SuiteRunner.privateRun(SuiteRunner.java:337)
at org.testng.SuiteRunner.run(SuiteRunner.java:286)
at org.testng.SuiteRunnerWorker.runSuite(SuiteRunnerWorker.java:53)
at org.testng.SuiteRunnerWorker.run(SuiteRunnerWorker.java:96)
at org.testng.TestNG.runSuitesSequentially(TestNG.java:1187)
at org.testng.TestNG.runSuitesLocally(TestNG.java:1109)
at org.testng.TestNG.runSuites(TestNG.java:1039)
at org.testng.TestNG.run(TestNG.java:1007)
at org.apache.maven.surefire.testng.TestNGExecutor.run(TestNGExecutor.java:77)
at org.apache.maven.surefire.testng.TestNGDirectoryTestSuite.executeMulti(TestNGDirectoryTestSuite.java:159)
at org.apache.maven.surefire.testng.TestNGDirectoryTestSuite.execute(TestNGDirectoryTestSuite.java:99)
at org.apache.maven.surefire.testng.TestNGProvider.invoke(TestNGProvider.java:106)
at sun.reflect.NativeMethodAccessorImpl.invoke0(Native Method)
at sun.reflect.NativeMethodAccessorImpl.invoke(NativeMethodAccessorImpl.java:62)
at sun.reflect.DelegatingMethodAccessorImpl.invoke(DelegatingMethodAccessorImpl.java:43)
at java.lang.reflect.Method.invoke(Method.java:498)
at org.apache.maven.surefire.util.ReflectionUtils.invokeMethodWithArray(ReflectionUtils.java:189)
at org.apache.maven.surefire.booter.ProviderFactory$ProviderProxy.invoke(ProviderFactory.java:165)
at org.apache.maven.surefire.booter.ProviderFactory.invokeProvider(ProviderFactory.java:85)
at org.apache.maven.surefire.booter.ForkedBooter.runSuitesInProcess(ForkedBooter.java:115)
at org.apache.maven.surefire.booter.ForkedBooter.main(ForkedBooter.java:75)
]]>
            </full-stacktrace>
          </exception> <!-- org.openqa.selenium.NoSuchElementException -->
          <reporter-output>
          </reporter-output>
        </test-method> <!-- validateSortAcsByQuantity -->
        <test-method status="PASS" signature="teardown()[pri:0, instance:scripts.TechGlobalSortableTablesTest@4fe3c938]" name="teardown" is-config="true" duration-ms="270" started-at="2023-03-06T16:24:49 CST" finished-at="2023-03-06T16:24:49 CST">
          <reporter-output>
          </reporter-output>
        </test-method> <!-- teardown -->
        <test-method status="PASS" signature="setup()[pri:0, instance:scripts.TechGlobalSortableTablesTest@4fe3c938]" name="setup" is-config="true" duration-ms="3849" started-at="2023-03-06T16:24:49 CST" finished-at="2023-03-06T16:24:53 CST">
          <reporter-output>
          </reporter-output>
        </test-method> <!-- setup -->
        <test-method status="PASS" signature="setPage()[pri:0, instance:scripts.TechGlobalSortableTablesTest@4fe3c938]" name="setPage" is-config="true" duration-ms="1113" started-at="2023-03-06T16:24:53 CST" finished-at="2023-03-06T16:24:54 CST">
          <reporter-output>
          </reporter-output>
        </test-method> <!-- setPage -->
        <test-method status="FAIL" signature="validateSortDescByQuantity()[pri:2, instance:scripts.TechGlobalSortableTablesTest@4fe3c938]" name="validateSortDescByQuantity" duration-ms="10063" started-at="2023-03-06T16:24:54 CST" description="Sort table by desc and validate it is sorted bt quantity" finished-at="2023-03-06T16:25:04 CST">
          <exception class="org.openqa.selenium.NoSuchElementException">
            <message>
              <![CDATA[no such element: Unable to locate element: {"method":"css selector","selector":"#quantitiy_desc"}
  (Session info: chrome=110.0.5481.177)
For documentation on this error, please visit: https://www.seleniumhq.org/exceptions/no_such_element.html
Build info: version: '3.141.59', revision: 'e82be7d358', time: '2018-11-14T08:17:03'
System info: host: 'Andrews-MBP.local.tld', ip: 'fe80:0:0:0:10f3:8220:1202:7f5%en0', os.name: 'Mac OS X', os.arch: 'x86_64', os.version: '13.2.1', java.version: '1.8.0_341'
Driver info: org.openqa.selenium.chrome.ChromeDriver
Capabilities {acceptInsecureCerts: false, browserName: chrome, browserVersion: 110.0.5481.177, chrome: {chromedriverVersion: 110.0.5481.77 (65ed616c6e8e..., userDataDir: /var/folders/qv/t4vgk6w940q...}, goog:chromeOptions: {debuggerAddress: localhost:50856}, javascriptEnabled: true, networkConnectionEnabled: false, pageLoadStrategy: normal, platform: MAC, platformName: MAC, proxy: Proxy(), setWindowRect: true, strictFileInteractability: false, timeouts: {implicit: 0, pageLoad: 300000, script: 30000}, unhandledPromptBehavior: dismiss and notify, webauthn:extension:credBlob: true, webauthn:extension:largeBlob: true, webauthn:virtualAuthenticators: true}
Session ID: 25c6335fd9b50bcd7baec457054c35e5
*** Element info: {Using=id, value=quantitiy_desc}]]>
            </message>
            <full-stacktrace>
              <![CDATA[org.openqa.selenium.NoSuchElementException: no such element: Unable to locate element: {"method":"css selector","selector":"#quantitiy_desc"}
  (Session info: chrome=110.0.5481.177)
For documentation on this error, please visit: https://www.seleniumhq.org/exceptions/no_such_element.html
Build info: version: '3.141.59', revision: 'e82be7d358', time: '2018-11-14T08:17:03'
System info: host: 'Andrews-MBP.local.tld', ip: 'fe80:0:0:0:10f3:8220:1202:7f5%en0', os.name: 'Mac OS X', os.arch: 'x86_64', os.version: '13.2.1', java.version: '1.8.0_341'
Driver info: org.openqa.selenium.chrome.ChromeDriver
Capabilities {acceptInsecureCerts: false, browserName: chrome, browserVersion: 110.0.5481.177, chrome: {chromedriverVersion: 110.0.5481.77 (65ed616c6e8e..., userDataDir: /var/folders/qv/t4vgk6w940q...}, goog:chromeOptions: {debuggerAddress: localhost:50856}, javascriptEnabled: true, networkConnectionEnabled: false, pageLoadStrategy: normal, platform: MAC, platformName: MAC, proxy: Proxy(), setWindowRect: true, strictFileInteractability: false, timeouts: {implicit: 0, pageLoad: 300000, script: 30000}, unhandledPromptBehavior: dismiss and notify, webauthn:extension:credBlob: true, webauthn:extension:largeBlob: true, webauthn:virtualAuthenticators: true}
Session ID: 25c6335fd9b50bcd7baec457054c35e5
*** Element info: {Using=id, value=quantitiy_desc}
at sun.reflect.NativeConstructorAccessorImpl.newInstance0(Native Method)
at sun.reflect.NativeConstructorAccessorImpl.newInstance(NativeConstructorAccessorImpl.java:62)
at sun.reflect.DelegatingConstructorAccessorImpl.newInstance(DelegatingConstructorAccessorImpl.java:45)
at java.lang.reflect.Constructor.newInstance(Constructor.java:423)
at org.openqa.selenium.remote.http.W3CHttpResponseCodec.createException(W3CHttpResponseCodec.java:187)
at org.openqa.selenium.remote.http.W3CHttpResponseCodec.decode(W3CHttpResponseCodec.java:122)
at org.openqa.selenium.remote.http.W3CHttpResponseCodec.decode(W3CHttpResponseCodec.java:49)
at org.openqa.selenium.remote.HttpCommandExecutor.execute(HttpCommandExecutor.java:158)
at org.openqa.selenium.remote.service.DriverCommandExecutor.execute(DriverCommandExecutor.java:83)
at org.openqa.selenium.remote.RemoteWebDriver.execute(RemoteWebDriver.java:552)
at org.openqa.selenium.remote.RemoteWebDriver.findElement(RemoteWebDriver.java:323)
at org.openqa.selenium.remote.RemoteWebDriver.findElementById(RemoteWebDriver.java:372)
at org.openqa.selenium.By$ById.findElement(By.java:188)
at org.openqa.selenium.remote.RemoteWebDriver.findElement(RemoteWebDriver.java:315)
at org.openqa.selenium.support.pagefactory.DefaultElementLocator.findElement(DefaultElementLocator.java:69)
at org.openqa.selenium.support.pagefactory.internal.LocatingElementHandler.invoke(LocatingElementHandler.java:38)
at com.sun.proxy.$Proxy7.click(Unknown Source)
at scripts.TechGlobalSortableTablesTest.validateSortDescByQuantity(TechGlobalSortableTablesTest.java:60)
at sun.reflect.NativeMethodAccessorImpl.invoke0(Native Method)
at sun.reflect.NativeMethodAccessorImpl.invoke(NativeMethodAccessorImpl.java:62)
at sun.reflect.DelegatingMethodAccessorImpl.invoke(DelegatingMethodAccessorImpl.java:43)
at java.lang.reflect.Method.invoke(Method.java:498)
at org.testng.internal.MethodInvocationHelper.invokeMethod(MethodInvocationHelper.java:134)
at org.testng.internal.TestInvoker.invokeMethod(TestInvoker.java:597)
at org.testng.internal.TestInvoker.invokeTestMethod(TestInvoker.java:173)
at org.testng.internal.MethodRunner.runInSequence(MethodRunner.java:46)
at org.testng.internal.TestInvoker$MethodInvocationAgent.invoke(TestInvoker.java:816)
at org.testng.internal.TestInvoker.invokeTestMethods(TestInvoker.java:146)
at org.testng.internal.TestMethodWorker.invokeTestMethods(TestMethodWorker.java:146)
at org.testng.internal.TestMethodWorker.run(TestMethodWorker.java:128)
at java.util.ArrayList.forEach(ArrayList.java:1259)
at org.testng.TestRunner.privateRun(TestRunner.java:766)
at org.testng.TestRunner.run(TestRunner.java:587)
at org.testng.SuiteRunner.runTest(SuiteRunner.java:384)
at org.testng.SuiteRunner.runSequentially(SuiteRunner.java:378)
at org.testng.SuiteRunner.privateRun(SuiteRunner.java:337)
at org.testng.SuiteRunner.run(SuiteRunner.java:286)
at org.testng.SuiteRunnerWorker.runSuite(SuiteRunnerWorker.java:53)
at org.testng.SuiteRunnerWorker.run(SuiteRunnerWorker.java:96)
at org.testng.TestNG.runSuitesSequentially(TestNG.java:1187)
at org.testng.TestNG.runSuitesLocally(TestNG.java:1109)
at org.testng.TestNG.runSuites(TestNG.java:1039)
at org.testng.TestNG.run(TestNG.java:1007)
at org.apache.maven.surefire.testng.TestNGExecutor.run(TestNGExecutor.java:77)
at org.apache.maven.surefire.testng.TestNGDirectoryTestSuite.executeMulti(TestNGDirectoryTestSuite.java:159)
at org.apache.maven.surefire.testng.TestNGDirectoryTestSuite.execute(TestNGDirectoryTestSuite.java:99)
at org.apache.maven.surefire.testng.TestNGProvider.invoke(TestNGProvider.java:106)
at sun.reflect.NativeMethodAccessorImpl.invoke0(Native Method)
at sun.reflect.NativeMethodAccessorImpl.invoke(NativeMethodAccessorImpl.java:62)
at sun.reflect.DelegatingMethodAccessorImpl.invoke(DelegatingMethodAccessorImpl.java:43)
at java.lang.reflect.Method.invoke(Method.java:498)
at org.apache.maven.surefire.util.ReflectionUtils.invokeMethodWithArray(ReflectionUtils.java:189)
at org.apache.maven.surefire.booter.ProviderFactory$ProviderProxy.invoke(ProviderFactory.java:165)
at org.apache.maven.surefire.booter.ProviderFactory.invokeProvider(ProviderFactory.java:85)
at org.apache.maven.surefire.booter.ForkedBooter.runSuitesInProcess(ForkedBooter.java:115)
at org.apache.maven.surefire.booter.ForkedBooter.main(ForkedBooter.java:75)
]]>
            </full-stacktrace>
          </exception> <!-- org.openqa.selenium.NoSuchElementException -->
          <reporter-output>
          </reporter-output>
        </test-method> <!-- validateSortDescByQuantity -->
        <test-method status="PASS" signature="teardown()[pri:0, instance:scripts.TechGlobalSortableTablesTest@4fe3c938]" name="teardown" is-config="true" duration-ms="286" started-at="2023-03-06T16:25:04 CST" finished-at="2023-03-06T16:25:04 CST">
          <reporter-output>
          </reporter-output>
        </test-method> <!-- teardown -->
        <test-method status="PASS" signature="setup()[pri:0, instance:scripts.TechGlobalSortableTablesTest@4fe3c938]" name="setup" is-config="true" duration-ms="3822" started-at="2023-03-06T16:25:09 CST" finished-at="2023-03-06T16:25:13 CST">
          <reporter-output>
          </reporter-output>
        </test-method> <!-- setup -->
        <test-method status="PASS" signature="setPage()[pri:0, instance:scripts.TechGlobalSortableTablesTest@4fe3c938]" name="setPage" is-config="true" duration-ms="1045" started-at="2023-03-06T16:25:13 CST" finished-at="2023-03-06T16:25:14 CST">
          <reporter-output>
          </reporter-output>
        </test-method> <!-- setPage -->
        <test-method status="PASS" signature="validateSortAscByPrice()[pri:3, instance:scripts.TechGlobalSortableTablesTest@4fe3c938]" name="validateSortAscByPrice" duration-ms="110" started-at="2023-03-06T16:25:14 CST" description="Sort table by asc and validate it is sorted bt price" finished-at="2023-03-06T16:25:14 CST">
          <reporter-output>
          </reporter-output>
        </test-method> <!-- validateSortAscByPrice -->
        <test-method status="PASS" signature="teardown()[pri:0, instance:scripts.TechGlobalSortableTablesTest@4fe3c938]" name="teardown" is-config="true" duration-ms="159" started-at="2023-03-06T16:25:14 CST" finished-at="2023-03-06T16:25:14 CST">
          <reporter-output>
          </reporter-output>
        </test-method> <!-- teardown -->
        <test-method status="PASS" signature="setup()[pri:0, instance:scripts.TechGlobalSortableTablesTest@4fe3c938]" name="setup" is-config="true" duration-ms="3387" started-at="2023-03-06T16:26:32 CST" finished-at="2023-03-06T16:26:36 CST">
          <reporter-output>
          </reporter-output>
        </test-method> <!-- setup -->
        <test-method status="PASS" signature="setPage()[pri:0, instance:scripts.TechGlobalSortableTablesTest@4fe3c938]" name="setPage" is-config="true" duration-ms="1017" started-at="2023-03-06T16:26:36 CST" finished-at="2023-03-06T16:26:37 CST">
          <reporter-output>
          </reporter-output>
        </test-method> <!-- setPage -->
        <test-method status="PASS" signature="validateSortDescByPrice()[pri:4, instance:scripts.TechGlobalSortableTablesTest@4fe3c938]" name="validateSortDescByPrice" duration-ms="119" started-at="2023-03-06T16:26:37 CST" description="Sort table by desc and validate it is sorted bt price" finished-at="2023-03-06T16:26:37 CST">
          <reporter-output>
          </reporter-output>
        </test-method> <!-- validateSortDescByPrice -->
        <test-method status="PASS" signature="teardown()[pri:0, instance:scripts.TechGlobalSortableTablesTest@4fe3c938]" name="teardown" is-config="true" duration-ms="157" started-at="2023-03-06T16:26:37 CST" finished-at="2023-03-06T16:26:37 CST">
          <reporter-output>
          </reporter-output>
        </test-method> <!-- teardown -->
      </class> <!-- scripts.TechGlobalSortableTablesTest -->
      <class name="scripts.TechGlobalRadioButtonsTest">
        <test-method status="PASS" signature="setup()[pri:0, instance:scripts.TechGlobalRadioButtonsTest@527740a2]" name="setup" is-config="true" duration-ms="3485" started-at="2023-03-06T16:25:55 CST" finished-at="2023-03-06T16:25:58 CST">
          <reporter-output>
          </reporter-output>
        </test-method> <!-- setup -->
        <test-method status="PASS" signature="setPage()[pri:0, instance:scripts.TechGlobalRadioButtonsTest@527740a2]" name="setPage" is-config="true" duration-ms="1" started-at="2023-03-06T16:25:58 CST" finished-at="2023-03-06T16:25:58 CST">
          <reporter-output>
          </reporter-output>
        </test-method> <!-- setPage -->
        <test-method status="PASS" signature="javaRadioButtonValidation()[pri:0, instance:scripts.TechGlobalRadioButtonsTest@527740a2]" name="javaRadioButtonValidation" duration-ms="1003" started-at="2023-03-06T16:25:58 CST" finished-at="2023-03-06T16:25:59 CST">
          <reporter-output>
          </reporter-output>
        </test-method> <!-- javaRadioButtonValidation -->
        <test-method status="PASS" signature="teardown()[pri:0, instance:scripts.TechGlobalRadioButtonsTest@527740a2]" name="teardown" is-config="true" duration-ms="187" started-at="2023-03-06T16:25:59 CST" finished-at="2023-03-06T16:25:59 CST">
          <reporter-output>
          </reporter-output>
        </test-method> <!-- teardown -->
        <test-method status="PASS" signature="setup()[pri:0, instance:scripts.TechGlobalRadioButtonsTest@527740a2]" name="setup" is-config="true" duration-ms="3505" started-at="2023-03-06T16:25:59 CST" finished-at="2023-03-06T16:26:03 CST">
          <reporter-output>
          </reporter-output>
        </test-method> <!-- setup -->
        <test-method status="PASS" signature="setPage()[pri:0, instance:scripts.TechGlobalRadioButtonsTest@527740a2]" name="setPage" is-config="true" duration-ms="1" started-at="2023-03-06T16:26:03 CST" finished-at="2023-03-06T16:26:03 CST">
          <reporter-output>
          </reporter-output>
        </test-method> <!-- setPage -->
        <test-method status="PASS" signature="languageRadioButtons1()[pri:1, instance:scripts.TechGlobalRadioButtonsTest@527740a2]" name="languageRadioButtons1" duration-ms="987" started-at="2023-03-06T16:26:03 CST" description="Validate Tech Global Language Radio Buttons (1)" finished-at="2023-03-06T16:26:04 CST">
          <reporter-output>
          </reporter-output>
        </test-method> <!-- languageRadioButtons1 -->
        <test-method status="PASS" signature="teardown()[pri:0, instance:scripts.TechGlobalRadioButtonsTest@527740a2]" name="teardown" is-config="true" duration-ms="130" started-at="2023-03-06T16:26:04 CST" finished-at="2023-03-06T16:26:04 CST">
          <reporter-output>
          </reporter-output>
        </test-method> <!-- teardown -->
        <test-method status="PASS" signature="setup()[pri:0, instance:scripts.TechGlobalRadioButtonsTest@527740a2]" name="setup" is-config="true" duration-ms="3435" started-at="2023-03-06T16:26:04 CST" finished-at="2023-03-06T16:26:08 CST">
          <reporter-output>
          </reporter-output>
        </test-method> <!-- setup -->
        <test-method status="PASS" signature="setPage()[pri:0, instance:scripts.TechGlobalRadioButtonsTest@527740a2]" name="setPage" is-config="true" duration-ms="2" started-at="2023-03-06T16:26:08 CST" finished-at="2023-03-06T16:26:08 CST">
          <reporter-output>
          </reporter-output>
        </test-method> <!-- setPage -->
        <test-method status="PASS" signature="languageRadioButtons2()[pri:2, instance:scripts.TechGlobalRadioButtonsTest@527740a2]" name="languageRadioButtons2" duration-ms="1318" started-at="2023-03-06T16:26:08 CST" description="Validate Tech Global Language Radio Buttons (2)" finished-at="2023-03-06T16:26:09 CST">
          <reporter-output>
          </reporter-output>
        </test-method> <!-- languageRadioButtons2 -->
        <test-method status="PASS" signature="teardown()[pri:0, instance:scripts.TechGlobalRadioButtonsTest@527740a2]" name="teardown" is-config="true" duration-ms="221" started-at="2023-03-06T16:26:09 CST" finished-at="2023-03-06T16:26:09 CST">
          <reporter-output>
          </reporter-output>
        </test-method> <!-- teardown -->
      </class> <!-- scripts.TechGlobalRadioButtonsTest -->
      <class name="scripts.TechGlobalDynamicTablesTest">
        <test-method status="PASS" signature="setup()[pri:0, instance:scripts.TechGlobalDynamicTablesTest@2286778]" name="setup" is-config="true" duration-ms="3428" started-at="2023-03-06T16:25:25 CST" finished-at="2023-03-06T16:25:28 CST">
          <reporter-output>
          </reporter-output>
        </test-method> <!-- setup -->
        <test-method status="PASS" signature="setPage()[pri:0, instance:scripts.TechGlobalDynamicTablesTest@2286778]" name="setPage" is-config="true" duration-ms="934" started-at="2023-03-06T16:25:28 CST" finished-at="2023-03-06T16:25:29 CST">
          <reporter-output>
          </reporter-output>
        </test-method> <!-- setPage -->
        <test-method status="PASS" signature="popupValidation()[pri:1, instance:scripts.TechGlobalDynamicTablesTest@2286778]" name="popupValidation" duration-ms="90" started-at="2023-03-06T16:25:29 CST" description="pop up validation" finished-at="2023-03-06T16:25:29 CST">
          <reporter-output>
          </reporter-output>
        </test-method> <!-- popupValidation -->
        <test-method status="PASS" signature="teardown()[pri:0, instance:scripts.TechGlobalDynamicTablesTest@2286778]" name="teardown" is-config="true" duration-ms="178" started-at="2023-03-06T16:25:29 CST" finished-at="2023-03-06T16:25:29 CST">
          <reporter-output>
          </reporter-output>
        </test-method> <!-- teardown -->
        <test-method status="PASS" signature="setup()[pri:0, instance:scripts.TechGlobalDynamicTablesTest@2286778]" name="setup" is-config="true" duration-ms="3364" started-at="2023-03-06T16:25:29 CST" finished-at="2023-03-06T16:25:33 CST">
          <reporter-output>
          </reporter-output>
        </test-method> <!-- setup -->
        <test-method status="PASS" signature="setPage()[pri:0, instance:scripts.TechGlobalDynamicTablesTest@2286778]" name="setPage" is-config="true" duration-ms="961" started-at="2023-03-06T16:25:33 CST" finished-at="2023-03-06T16:25:34 CST">
          <reporter-output>
          </reporter-output>
        </test-method> <!-- setPage -->
        <test-method status="PASS" signature="validateDynamicTable()[pri:2, instance:scripts.TechGlobalDynamicTablesTest@2286778]" name="validateDynamicTable" duration-ms="760" started-at="2023-03-06T16:25:34 CST" description="Validate Dynamic Table" finished-at="2023-03-06T16:25:34 CST">
          <reporter-output>
          </reporter-output>
        </test-method> <!-- validateDynamicTable -->
        <test-method status="PASS" signature="teardown()[pri:0, instance:scripts.TechGlobalDynamicTablesTest@2286778]" name="teardown" is-config="true" duration-ms="174" started-at="2023-03-06T16:25:34 CST" finished-at="2023-03-06T16:25:35 CST">
          <reporter-output>
          </reporter-output>
        </test-method> <!-- teardown -->
      </class> <!-- scripts.TechGlobalDynamicTablesTest -->
      <class name="scripts.TechGlobalHeaderTest">
        <test-method status="PASS" signature="setup()[pri:0, instance:scripts.TechGlobalHeaderTest@2ac273d3]" name="setup" is-config="true" duration-ms="3347" started-at="2023-03-06T16:26:56 CST" finished-at="2023-03-06T16:26:59 CST">
          <reporter-output>
          </reporter-output>
        </test-method> <!-- setup -->
        <test-method status="FAIL" signature="validateTechGlobalHeaderDropdownOptions()[pri:1, instance:scripts.TechGlobalHeaderTest@2ac273d3]" name="validateTechGlobalHeaderDropdownOptions" duration-ms="413" started-at="2023-03-06T16:26:59 CST" finished-at="2023-03-06T16:26:59 CST">
          <exception class="java.lang.ArrayIndexOutOfBoundsException">
            <message>
              <![CDATA[3]]>
            </message>
            <full-stacktrace>
              <![CDATA[java.lang.ArrayIndexOutOfBoundsException: 3
at scripts.TechGlobalHeaderTest.validateTechGlobalHeaderDropdownOptions(TechGlobalHeaderTest.java:24)
at sun.reflect.NativeMethodAccessorImpl.invoke0(Native Method)
at sun.reflect.NativeMethodAccessorImpl.invoke(NativeMethodAccessorImpl.java:62)
at sun.reflect.DelegatingMethodAccessorImpl.invoke(DelegatingMethodAccessorImpl.java:43)
at java.lang.reflect.Method.invoke(Method.java:498)
at org.testng.internal.MethodInvocationHelper.invokeMethod(MethodInvocationHelper.java:134)
at org.testng.internal.TestInvoker.invokeMethod(TestInvoker.java:597)
at org.testng.internal.TestInvoker.invokeTestMethod(TestInvoker.java:173)
at org.testng.internal.MethodRunner.runInSequence(MethodRunner.java:46)
at org.testng.internal.TestInvoker$MethodInvocationAgent.invoke(TestInvoker.java:816)
at org.testng.internal.TestInvoker.invokeTestMethods(TestInvoker.java:146)
at org.testng.internal.TestMethodWorker.invokeTestMethods(TestMethodWorker.java:146)
at org.testng.internal.TestMethodWorker.run(TestMethodWorker.java:128)
at java.util.ArrayList.forEach(ArrayList.java:1259)
at org.testng.TestRunner.privateRun(TestRunner.java:766)
at org.testng.TestRunner.run(TestRunner.java:587)
at org.testng.SuiteRunner.runTest(SuiteRunner.java:384)
at org.testng.SuiteRunner.runSequentially(SuiteRunner.java:378)
at org.testng.SuiteRunner.privateRun(SuiteRunner.java:337)
at org.testng.SuiteRunner.run(SuiteRunner.java:286)
at org.testng.SuiteRunnerWorker.runSuite(SuiteRunnerWorker.java:53)
at org.testng.SuiteRunnerWorker.run(SuiteRunnerWorker.java:96)
at org.testng.TestNG.runSuitesSequentially(TestNG.java:1187)
at org.testng.TestNG.runSuitesLocally(TestNG.java:1109)
at org.testng.TestNG.runSuites(TestNG.java:1039)
at org.testng.TestNG.run(TestNG.java:1007)
at org.apache.maven.surefire.testng.TestNGExecutor.run(TestNGExecutor.java:77)
at org.apache.maven.surefire.testng.TestNGDirectoryTestSuite.executeMulti(TestNGDirectoryTestSuite.java:159)
at org.apache.maven.surefire.testng.TestNGDirectoryTestSuite.execute(TestNGDirectoryTestSuite.java:99)
at org.apache.maven.surefire.testng.TestNGProvider.invoke(TestNGProvider.java:106)
at sun.reflect.NativeMethodAccessorImpl.invoke0(Native Method)
at sun.reflect.NativeMethodAccessorImpl.invoke(NativeMethodAccessorImpl.java:62)
at sun.reflect.DelegatingMethodAccessorImpl.invoke(DelegatingMethodAccessorImpl.java:43)
at java.lang.reflect.Method.invoke(Method.java:498)
at org.apache.maven.surefire.util.ReflectionUtils.invokeMethodWithArray(ReflectionUtils.java:189)
at org.apache.maven.surefire.booter.ProviderFactory$ProviderProxy.invoke(ProviderFactory.java:165)
at org.apache.maven.surefire.booter.ProviderFactory.invokeProvider(ProviderFactory.java:85)
at org.apache.maven.surefire.booter.ForkedBooter.runSuitesInProcess(ForkedBooter.java:115)
at org.apache.maven.surefire.booter.ForkedBooter.main(ForkedBooter.java:75)
]]>
            </full-stacktrace>
          </exception> <!-- java.lang.ArrayIndexOutOfBoundsException -->
          <reporter-output>
          </reporter-output>
        </test-method> <!-- validateTechGlobalHeaderDropdownOptions -->
        <test-method status="PASS" signature="teardown()[pri:0, instance:scripts.TechGlobalHeaderTest@2ac273d3]" name="teardown" is-config="true" duration-ms="153" started-at="2023-03-06T16:26:59 CST" finished-at="2023-03-06T16:26:59 CST">
          <reporter-output>
          </reporter-output>
        </test-method> <!-- teardown -->
        <test-method status="PASS" signature="setup()[pri:0, instance:scripts.TechGlobalHeaderTest@2ac273d3]" name="setup" is-config="true" duration-ms="3404" started-at="2023-03-06T16:26:59 CST" finished-at="2023-03-06T16:27:03 CST">
          <reporter-output>
          </reporter-output>
        </test-method> <!-- setup -->
        <test-method status="PASS" signature="validateTechGlobalHeaderDropdown()[pri:2, instance:scripts.TechGlobalHeaderTest@2ac273d3]" name="validateTechGlobalHeaderDropdown" duration-ms="175" started-at="2023-03-06T16:27:03 CST" finished-at="2023-03-06T16:27:03 CST">
          <reporter-output>
          </reporter-output>
        </test-method> <!-- validateTechGlobalHeaderDropdown -->
        <test-method status="PASS" signature="teardown()[pri:0, instance:scripts.TechGlobalHeaderTest@2ac273d3]" name="teardown" is-config="true" duration-ms="143" started-at="2023-03-06T16:27:03 CST" finished-at="2023-03-06T16:27:03 CST">
          <reporter-output>
          </reporter-output>
        </test-method> <!-- teardown -->
      </class> <!-- scripts.TechGlobalHeaderTest -->
      <class name="scripts.TechGlobalDropdownsTest">
        <test-method status="PASS" signature="setup()[pri:0, instance:scripts.TechGlobalDropdownsTest@3632be31]" name="setup" is-config="true" duration-ms="10920" started-at="2023-03-06T16:24:02 CST" finished-at="2023-03-06T16:24:13 CST">
          <reporter-output>
          </reporter-output>
        </test-method> <!-- setup -->
        <test-method status="PASS" signature="setPage()[pri:0, instance:scripts.TechGlobalDropdownsTest@3632be31]" name="setPage" is-config="true" duration-ms="1129" started-at="2023-03-06T16:24:13 CST" finished-at="2023-03-06T16:24:14 CST">
          <reporter-output>
          </reporter-output>
        </test-method> <!-- setPage -->
        <test-method status="PASS" signature="selectDeliveryOption()[pri:1, instance:scripts.TechGlobalDropdownsTest@3632be31]" name="selectDeliveryOption" duration-ms="196" started-at="2023-03-06T16:24:14 CST" description="Select Delivery option" finished-at="2023-03-06T16:24:14 CST">
          <reporter-output>
          </reporter-output>
        </test-method> <!-- selectDeliveryOption -->
        <test-method status="PASS" signature="teardown()[pri:0, instance:scripts.TechGlobalDropdownsTest@3632be31]" name="teardown" is-config="true" duration-ms="247" started-at="2023-03-06T16:24:14 CST" finished-at="2023-03-06T16:24:14 CST">
          <reporter-output>
          </reporter-output>
        </test-method> <!-- teardown -->
        <test-method status="PASS" signature="setup()[pri:0, instance:scripts.TechGlobalDropdownsTest@3632be31]" name="setup" is-config="true" duration-ms="3901" started-at="2023-03-06T16:24:20 CST" finished-at="2023-03-06T16:24:24 CST">
          <reporter-output>
          </reporter-output>
        </test-method> <!-- setup -->
        <test-method status="PASS" signature="setPage()[pri:0, instance:scripts.TechGlobalDropdownsTest@3632be31]" name="setPage" is-config="true" duration-ms="1082" started-at="2023-03-06T16:24:24 CST" finished-at="2023-03-06T16:24:25 CST">
          <reporter-output>
          </reporter-output>
        </test-method> <!-- setPage -->
        <test-method status="PASS" signature="selectProductOption()[pri:2, instance:scripts.TechGlobalDropdownsTest@3632be31]" name="selectProductOption" duration-ms="129" started-at="2023-03-06T16:24:25 CST" description="Select iPhone 14 Pro Max option" finished-at="2023-03-06T16:24:25 CST">
          <reporter-output>
          </reporter-output>
        </test-method> <!-- selectProductOption -->
        <test-method status="PASS" signature="teardown()[pri:0, instance:scripts.TechGlobalDropdownsTest@3632be31]" name="teardown" is-config="true" duration-ms="192" started-at="2023-03-06T16:24:25 CST" finished-at="2023-03-06T16:24:25 CST">
          <reporter-output>
          </reporter-output>
        </test-method> <!-- teardown -->
        <test-method status="PASS" signature="setup()[pri:0, instance:scripts.TechGlobalDropdownsTest@3632be31]" name="setup" is-config="true" duration-ms="3461" started-at="2023-03-06T16:25:04 CST" finished-at="2023-03-06T16:25:08 CST">
          <reporter-output>
          </reporter-output>
        </test-method> <!-- setup -->
        <test-method status="PASS" signature="setPage()[pri:0, instance:scripts.TechGlobalDropdownsTest@3632be31]" name="setPage" is-config="true" duration-ms="1027" started-at="2023-03-06T16:25:08 CST" finished-at="2023-03-06T16:25:09 CST">
          <reporter-output>
          </reporter-output>
        </test-method> <!-- setPage -->
        <test-method status="PASS" signature="selectColorOption()[pri:3, instance:scripts.TechGlobalDropdownsTest@3632be31]" name="selectColorOption" duration-ms="119" started-at="2023-03-06T16:25:09 CST" description="Select Yellow option" finished-at="2023-03-06T16:25:09 CST">
          <reporter-output>
          </reporter-output>
        </test-method> <!-- selectColorOption -->
        <test-method status="PASS" signature="teardown()[pri:0, instance:scripts.TechGlobalDropdownsTest@3632be31]" name="teardown" is-config="true" duration-ms="234" started-at="2023-03-06T16:25:09 CST" finished-at="2023-03-06T16:25:09 CST">
          <reporter-output>
          </reporter-output>
        </test-method> <!-- teardown -->
        <test-method status="PASS" signature="setup()[pri:0, instance:scripts.TechGlobalDropdownsTest@3632be31]" name="setup" is-config="true" duration-ms="3673" started-at="2023-03-06T16:25:14 CST" finished-at="2023-03-06T16:25:18 CST">
          <reporter-output>
          </reporter-output>
        </test-method> <!-- setup -->
        <test-method status="PASS" signature="setPage()[pri:0, instance:scripts.TechGlobalDropdownsTest@3632be31]" name="setPage" is-config="true" duration-ms="999" started-at="2023-03-06T16:25:18 CST" finished-at="2023-03-06T16:25:19 CST">
          <reporter-output>
          </reporter-output>
        </test-method> <!-- setPage -->
        <test-method status="PASS" signature="selectMacBookOption()[pri:4, instance:scripts.TechGlobalDropdownsTest@3632be31]" name="selectMacBookOption" duration-ms="886" started-at="2023-03-06T16:25:19 CST" description="Select MecBook Pro 13 option" finished-at="2023-03-06T16:25:20 CST">
          <reporter-output>
          </reporter-output>
        </test-method> <!-- selectMacBookOption -->
        <test-method status="PASS" signature="teardown()[pri:0, instance:scripts.TechGlobalDropdownsTest@3632be31]" name="teardown" is-config="true" duration-ms="329" started-at="2023-03-06T16:25:20 CST" finished-at="2023-03-06T16:25:20 CST">
          <reporter-output>
          </reporter-output>
        </test-method> <!-- teardown -->
      </class> <!-- scripts.TechGlobalDropdownsTest -->
    </test> <!-- Command line test -->
  </suite> <!-- Command line suite -->
</testng-results>
